[13/Oct/2023 04:23:36] "INFO" "main" "Starting application..."
[13/Oct/2023 04:23:37] "INFO" "main" "ils-api access: True"
[13/Oct/2023 04:23:37] "DEBUG" "main" "Starting process: 'OrganisationEventProcessor-1'"
[13/Oct/2023 04:23:37] "INFO" "ils_event_consumer" "Starting consumer..."
[13/Oct/2023 04:23:38] "INFO" "events_processor" "OrganisationEventProcessor Running!"
[13/Oct/2023 04:23:48] "DEBUG" "ils_event_consumer" "KAFKA | RECEIVED | [topic=organisation_events_1091c573-df2b-44e3-8755-64c8a09cebcc] | [content={"header":{"traceId":"54b850b1-b646-4ef8-b8d6-817a3dc319bc","id":"625505b6-24c8-4326-a96d-4ef5ffde3511","organisationId":"b6c197fa-c1d2-43ec-930f-57daf8c7aa9b","timestamp":"2023-10-13T14:23:47.355603218Z"},"body":{"action":{"carrier":{"laneAddress":"S001.M003.02.01","carrierActionType":"CARRIER_ACTION_PICK","locationType":"LOCATION_SECONDARY","carrierId":"9502b9cf-1833-a7cd-b3a6-646e05e26239","currentCount":2}}}}]"
[13/Oct/2023 04:23:48] "DEBUG" "organisation_event_processor" "handling a action event..."
[13/Oct/2023 04:23:48] "INFO" "organisation_event_processor" "signal linked lane S001.M003.02.01 -> 266b32ef-d2e6-4b6a-979d-ab161cd5b83a"
[13/Oct/2023 04:23:49] "DEBUG" "organisation_event_processor" "Exception when calling ILS API: a bytes-like object is required, not 'str'"
[13/Oct/2023 04:23:49] "DEBUG" "organisation_event_processor" "Exception when calling ILS API: a bytes-like object is required, not 'str'"
[13/Oct/2023 04:23:49] "INFO" "organisation_event_processor" "{'carrier_id': None, 'id': '8e2a86a3-9218-4156-9cd8-a548faa7aa9d'}"
[13/Oct/2023 04:23:49] "DEBUG" "organisation_event_processor" "Exception when calling ILS API: a bytes-like object is required, not 'str'"
[13/Oct/2023 04:23:49] "DEBUG" "organisation_event_processor" "Exception when calling ILS API: a bytes-like object is required, not 'str'"
[13/Oct/2023 04:24:04] "DEBUG" "ils_event_consumer" "KAFKA | RECEIVED | [topic=organisation_events_1091c573-df2b-44e3-8755-64c8a09cebcc] | [content={"header":{"traceId":"84ad2f22-c579-44f8-98ad-b5e677e3d0cf","id":"9876a355-2c87-4921-894d-79852c8c022b","organisationId":"b6c197fa-c1d2-43ec-930f-57daf8c7aa9b","timestamp":"2023-10-13T14:24:03.095118675Z"},"body":{"action":{"carrier":{"laneAddress":"S001.M005.01.03","carrierActionType":"CARRIER_ACTION_PUT","locationType":"LOCATION_PRIMARY","carrierId":"","currentCount":4}}}}]"
[13/Oct/2023 04:24:04] "DEBUG" "organisation_event_processor" "handling a action event..."
[13/Oct/2023 04:26:03] "INFO" "ils_event_consumer" "Shutting down signal 'SIGINT' received, starting to stop consumer!"
[13/Oct/2023 04:26:03] "INFO" "ils_event_consumer" "Ordering consumer to stop!"
[13/Oct/2023 04:26:03] "DEBUG" "ils_event_consumer" "Warning Event Processors to stop!"
[13/Oct/2023 04:26:03] "DEBUG" "ils_event_consumer" "Closing consumer!"
[13/Oct/2023 04:26:03] "INFO" "events_processor" "OrganisationEventProcessor received order to stop!"
[13/Oct/2023 04:26:03] "INFO" "events_processor" "All messages in OrganisationEventProcessor processing queue have been processed. Shutting down..."
[13/Oct/2023 04:26:03] "DEBUG" "ils_event_consumer" "Consumer has been shutdown!"
[13/Oct/2023 04:26:03] "DEBUG" "main" "Ending process: 'OrganisationEventProcessor-1'"
[13/Oct/2023 04:26:03] "INFO" "main" "Process OrganisationEventProcessor-1 as fully stopped!"
