[29/Aug/2023 03:59:19] "INFO" "main" "Starting application..."
[29/Aug/2023 03:59:24] "INFO" "main" "ils-api access: True"
[29/Aug/2023 03:59:24] "DEBUG" "main" "Starting process: 'OrganisationEventProcessor-1'"
[29/Aug/2023 03:59:25] "INFO" "ils_event_consumer" "Starting consumer..."
[29/Aug/2023 03:59:27] "INFO" "events_processor" "OrganisationEventProcessor Running!"
[29/Aug/2023 04:03:22] "DEBUG" "ils_event_consumer" "KAFKA | RECEIVED | [topic=organisation_events_1091c573-df2b-44e3-8755-64c8a09cebcc] | [content={"header":{"traceId":"ed4f8c9f-020b-40e5-9ea3-7807f888d7db","id":"cd41be80-c749-4832-b8ba-0b9f116deded","organisationId":"b6c197fa-c1d2-43ec-930f-57daf8c7aa9b","timestamp":"2023-08-29T14:03:22.197854767Z"},"body":{"action":{"carrier":{"laneAddress":"S001.M005.01.03","carrierActionType":"CARRIER_ACTION_PICK","locationType":"LOCATION_SECONDARY","carrierId":"","currentCount":2}}}}]"
[29/Aug/2023 04:03:22] "DEBUG" "organisation_event_processor" "handling a action event..."
[29/Aug/2023 04:03:22] "INFO" "organisation_event_processor" "signal linked lane S001.M005.01.03 -> 266b32ef-d2e6-4b6a-979d-ab161cd5b83a"
[29/Aug/2023 04:03:24] "DEBUG" "organisation_event_processor" "Exception when calling ILS API: a bytes-like object is required, not 'str'"
[29/Aug/2023 04:03:25] "ERROR" "organisation_event_processor" "Exception when calling ILS API: (500)
Reason: Internal Server Error
HTTP response headers: HTTPHeaderDict({'Cache-Control': 'no-cache, no-store, max-age=0, must-revalidate', 'Content-Type': 'application/json', 'Date': 'Tue, 29 Aug 2023 14:03:25 GMT', 'Expires': '0', 'Pragma': 'no-cache', 'Strict-Transport-Security': 'max-age=31536000 ; includeSubDomains', 'X-Content-Type-Options': 'nosniff', 'X-Frame-Options': 'DENY', 'X-Xss-Protection': '1; mode=block', 'Transfer-Encoding': 'chunked'})
HTTP response body: b'{"timestamp":"2023-08-29T14:03:25.719756617Z","status":500,"message":"Unknown error!"}'
"
[29/Aug/2023 04:03:27] "ERROR" "organisation_event_processor" "Exception when calling ILS API: (404)
Reason: Not Found
HTTP response headers: HTTPHeaderDict({'Cache-Control': 'no-cache, no-store, max-age=0, must-revalidate', 'Content-Type': 'application/json', 'Date': 'Tue, 29 Aug 2023 14:03:27 GMT', 'Expires': '0', 'Pragma': 'no-cache', 'Strict-Transport-Security': 'max-age=31536000 ; includeSubDomains', 'Vary': 'Origin, Access-Control-Request-Method, Access-Control-Request-Headers', 'X-Content-Type-Options': 'nosniff', 'X-Frame-Options': 'DENY', 'X-Xss-Protection': '1; mode=block', 'Transfer-Encoding': 'chunked'})
HTTP response body: b'{"timestamp":"2023-08-29T14:03:27.295+00:00","status":404,"error":"Not Found","path":"/v1beta1/kanban/control-cycles/54c4b38d-174a-409f-9d86-5a98bcb464ee/cards:associate-carrier/"}'
"
[29/Aug/2023 04:03:28] "DEBUG" "organisation_event_processor" "Exception when calling ILS API: a bytes-like object is required, not 'str'"
[29/Aug/2023 04:03:29] "DEBUG" "organisation_event_processor" "Exception when calling ILS API: a bytes-like object is required, not 'str'"
[29/Aug/2023 04:03:56] "DEBUG" "ils_event_consumer" "KAFKA | RECEIVED | [topic=organisation_events_1091c573-df2b-44e3-8755-64c8a09cebcc] | [content={"header":{"traceId":"1403619c-36b2-4196-96ad-a338d35e9592","id":"a9b20fad-355e-44ab-908b-2ad584e058fd","organisationId":"b6c197fa-c1d2-43ec-930f-57daf8c7aa9b","timestamp":"2023-08-29T14:03:56.765528489Z"},"body":{"action":{"carrier":{"laneAddress":"S001.M006.02.04","carrierActionType":"CARRIER_ACTION_PICK","locationType":"LOCATION_PRIMARY","carrierId":"","currentCount":2}}}}]"
[29/Aug/2023 04:03:56] "DEBUG" "organisation_event_processor" "handling a action event..."
[29/Aug/2023 04:03:56] "INFO" "organisation_event_processor" "signal linked lane S001.M006.02.04 -> aadf95aa-c11e-41a5-adf3-377b540000ab"
[29/Aug/2023 04:03:58] "DEBUG" "organisation_event_processor" "Exception when calling ILS API: a bytes-like object is required, not 'str'"
[29/Aug/2023 04:04:00] "DEBUG" "ils_event_consumer" "KAFKA | RECEIVED | [topic=organisation_events_1091c573-df2b-44e3-8755-64c8a09cebcc] | [content={"header":{"traceId":"85b21efd-fa25-4b57-bedd-e4a49da80cfc","id":"32fd866c-0e91-410f-b5ca-5f5f624af094","organisationId":"b6c197fa-c1d2-43ec-930f-57daf8c7aa9b","timestamp":"2023-08-29T14:04:00.177033695Z"},"body":{"action":{"carrier":{"laneAddress":"S001.M006.02.04","carrierActionType":"CARRIER_ACTION_PUT","locationType":"LOCATION_PRIMARY","carrierId":"","currentCount":3}}}}]"
[29/Aug/2023 04:04:00] "ERROR" "organisation_event_processor" "Exception when calling ILS API: (500)
Reason: Internal Server Error
HTTP response headers: HTTPHeaderDict({'Cache-Control': 'no-cache, no-store, max-age=0, must-revalidate', 'Content-Type': 'application/json', 'Date': 'Tue, 29 Aug 2023 14:04:00 GMT', 'Expires': '0', 'Pragma': 'no-cache', 'Strict-Transport-Security': 'max-age=31536000 ; includeSubDomains', 'X-Content-Type-Options': 'nosniff', 'X-Frame-Options': 'DENY', 'X-Xss-Protection': '1; mode=block', 'Transfer-Encoding': 'chunked'})
HTTP response body: b'{"timestamp":"2023-08-29T14:04:00.420400195Z","status":500,"message":"Unknown error!"}'
"
[29/Aug/2023 04:04:01] "ERROR" "organisation_event_processor" "Exception when calling ILS API: (404)
Reason: Not Found
HTTP response headers: HTTPHeaderDict({'Cache-Control': 'no-cache, no-store, max-age=0, must-revalidate', 'Content-Type': 'application/json', 'Date': 'Tue, 29 Aug 2023 14:04:01 GMT', 'Expires': '0', 'Pragma': 'no-cache', 'Strict-Transport-Security': 'max-age=31536000 ; includeSubDomains', 'Vary': 'Origin, Access-Control-Request-Method, Access-Control-Request-Headers', 'X-Content-Type-Options': 'nosniff', 'X-Frame-Options': 'DENY', 'X-Xss-Protection': '1; mode=block', 'Transfer-Encoding': 'chunked'})
HTTP response body: b'{"timestamp":"2023-08-29T14:04:01.747+00:00","status":404,"error":"Not Found","path":"/v1beta1/kanban/control-cycles/41ffe350-3606-46e6-bc64-0655e6ae959a/cards:associate-carrier/"}'
"
[29/Aug/2023 04:04:01] "DEBUG" "organisation_event_processor" "handling a action event..."
[29/Aug/2023 04:04:06] "DEBUG" "ils_event_consumer" "KAFKA | RECEIVED | [topic=organisation_events_1091c573-df2b-44e3-8755-64c8a09cebcc] | [content={"header":{"traceId":"0e77c8cc-2e35-404d-9be9-d5235e4e8399","id":"bac6afbc-bc53-4311-a445-062c8ff716eb","organisationId":"b6c197fa-c1d2-43ec-930f-57daf8c7aa9b","timestamp":"2023-08-29T14:04:06.390910745Z"},"body":{"action":{"carrier":{"laneAddress":"S001.M006.02.04","carrierActionType":"CARRIER_ACTION_PICK","locationType":"LOCATION_PRIMARY","carrierId":"","currentCount":2}}}}]"
[29/Aug/2023 04:04:06] "DEBUG" "organisation_event_processor" "handling a action event..."
[29/Aug/2023 04:04:06] "INFO" "organisation_event_processor" "signal linked lane S001.M006.02.04 -> aadf95aa-c11e-41a5-adf3-377b540000ab"
[29/Aug/2023 04:04:07] "DEBUG" "organisation_event_processor" "Exception when calling ILS API: a bytes-like object is required, not 'str'"
[29/Aug/2023 04:04:08] "DEBUG" "ils_event_consumer" "KAFKA | RECEIVED | [topic=organisation_events_1091c573-df2b-44e3-8755-64c8a09cebcc] | [content={"header":{"traceId":"855dc282-5e8c-4802-b24a-5c1646c7241f","id":"7a48e15d-7bf8-486f-ba97-c254574504a0","organisationId":"b6c197fa-c1d2-43ec-930f-57daf8c7aa9b","timestamp":"2023-08-29T14:04:08.419562013Z"},"body":{"action":{"carrier":{"laneAddress":"S001.M006.02.04","carrierActionType":"CARRIER_ACTION_PUT","locationType":"LOCATION_PRIMARY","carrierId":"","currentCount":3}}}}]"
[29/Aug/2023 04:04:09] "ERROR" "organisation_event_processor" "Exception when calling ILS API: (500)
Reason: Internal Server Error
HTTP response headers: HTTPHeaderDict({'Cache-Control': 'no-cache, no-store, max-age=0, must-revalidate', 'Content-Type': 'application/json', 'Date': 'Tue, 29 Aug 2023 14:04:09 GMT', 'Expires': '0', 'Pragma': 'no-cache', 'Strict-Transport-Security': 'max-age=31536000 ; includeSubDomains', 'X-Content-Type-Options': 'nosniff', 'X-Frame-Options': 'DENY', 'X-Xss-Protection': '1; mode=block', 'Transfer-Encoding': 'chunked'})
HTTP response body: b'{"timestamp":"2023-08-29T14:04:09.277571734Z","status":500,"message":"Unknown error!"}'
"
[29/Aug/2023 04:04:10] "ERROR" "organisation_event_processor" "Exception when calling ILS API: (404)
Reason: Not Found
HTTP response headers: HTTPHeaderDict({'Cache-Control': 'no-cache, no-store, max-age=0, must-revalidate', 'Content-Type': 'application/json', 'Date': 'Tue, 29 Aug 2023 14:04:10 GMT', 'Expires': '0', 'Pragma': 'no-cache', 'Strict-Transport-Security': 'max-age=31536000 ; includeSubDomains', 'Vary': 'Origin, Access-Control-Request-Method, Access-Control-Request-Headers', 'X-Content-Type-Options': 'nosniff', 'X-Frame-Options': 'DENY', 'X-Xss-Protection': '1; mode=block', 'Transfer-Encoding': 'chunked'})
HTTP response body: b'{"timestamp":"2023-08-29T14:04:10.694+00:00","status":404,"error":"Not Found","path":"/v1beta1/kanban/control-cycles/41ffe350-3606-46e6-bc64-0655e6ae959a/cards:associate-carrier/"}'
"
[29/Aug/2023 04:04:10] "DEBUG" "organisation_event_processor" "handling a action event..."
[29/Aug/2023 04:04:25] "DEBUG" "ils_event_consumer" "KAFKA | RECEIVED | [topic=organisation_events_1091c573-df2b-44e3-8755-64c8a09cebcc] | [content={"header":{"traceId":"a6c39740-e695-4d3c-9724-b0324dc5de1e","id":"15b076a3-400b-45b7-adbf-c8f1d8a8a50b","organisationId":"b6c197fa-c1d2-43ec-930f-57daf8c7aa9b","timestamp":"2023-08-29T14:04:25.334977872Z"},"body":{"action":{"carrier":{"laneAddress":"S001.M005.01.03","carrierActionType":"CARRIER_ACTION_PUT","locationType":"LOCATION_SECONDARY","carrierId":"","currentCount":3}}}}]"
[29/Aug/2023 04:04:25] "DEBUG" "organisation_event_processor" "handling a action event..."
[29/Aug/2023 04:07:31] "DEBUG" "ils_event_consumer" "KAFKA | RECEIVED | [topic=organisation_events_1091c573-df2b-44e3-8755-64c8a09cebcc] | [content={"header":{"traceId":"1ec6d222-b0dc-4f66-af06-1488cad46a5c","id":"3f78dee5-f376-4ca8-bcc9-d158b40ae865","organisationId":"b6c197fa-c1d2-43ec-930f-57daf8c7aa9b","timestamp":"2023-08-29T14:07:31.667925918Z"},"body":{"action":{"carrier":{"laneAddress":"S001.M006.02.02","carrierActionType":"CARRIER_ACTION_PICK","locationType":"LOCATION_SECONDARY","carrierId":"","currentCount":2}}}}]"
[29/Aug/2023 04:07:31] "DEBUG" "organisation_event_processor" "handling a action event..."
[29/Aug/2023 04:07:31] "INFO" "organisation_event_processor" "signal linked lane S001.M006.02.02 -> 1a6acfef-0beb-4115-80c2-9c9cf02c6208"
[29/Aug/2023 04:07:33] "DEBUG" "organisation_event_processor" "Exception when calling ILS API: a bytes-like object is required, not 'str'"
[29/Aug/2023 04:07:35] "ERROR" "organisation_event_processor" "Exception when calling ILS API: (500)
Reason: Internal Server Error
HTTP response headers: HTTPHeaderDict({'Cache-Control': 'no-cache, no-store, max-age=0, must-revalidate', 'Content-Type': 'application/json', 'Date': 'Tue, 29 Aug 2023 14:07:35 GMT', 'Expires': '0', 'Pragma': 'no-cache', 'Strict-Transport-Security': 'max-age=31536000 ; includeSubDomains', 'X-Content-Type-Options': 'nosniff', 'X-Frame-Options': 'DENY', 'X-Xss-Protection': '1; mode=block', 'Transfer-Encoding': 'chunked'})
HTTP response body: b'{"timestamp":"2023-08-29T14:07:35.262073755Z","status":500,"message":"Unknown error!"}'
"
[29/Aug/2023 04:07:36] "ERROR" "organisation_event_processor" "Exception when calling ILS API: (404)
Reason: Not Found
HTTP response headers: HTTPHeaderDict({'Cache-Control': 'no-cache, no-store, max-age=0, must-revalidate', 'Content-Type': 'application/json', 'Date': 'Tue, 29 Aug 2023 14:07:36 GMT', 'Expires': '0', 'Pragma': 'no-cache', 'Strict-Transport-Security': 'max-age=31536000 ; includeSubDomains', 'Vary': 'Origin, Access-Control-Request-Method, Access-Control-Request-Headers', 'X-Content-Type-Options': 'nosniff', 'X-Frame-Options': 'DENY', 'X-Xss-Protection': '1; mode=block', 'Transfer-Encoding': 'chunked'})
HTTP response body: b'{"timestamp":"2023-08-29T14:07:36.975+00:00","status":404,"error":"Not Found","path":"/v1beta1/kanban/control-cycles/41ffe350-3606-46e6-bc64-0655e6ae959a/cards:associate-carrier/"}'
"
[29/Aug/2023 04:08:52] "DEBUG" "ils_event_consumer" "KAFKA | RECEIVED | [topic=organisation_events_1091c573-df2b-44e3-8755-64c8a09cebcc] | [content={"header":{"traceId":"ace7be4e-8bd5-4cb6-869d-3b875a9d781e","id":"d77e2839-64ca-4a76-b501-4d58d683962d","organisationId":"b6c197fa-c1d2-43ec-930f-57daf8c7aa9b","timestamp":"2023-08-29T14:08:52.140590260Z"},"body":{"action":{"carrier":{"laneAddress":"S001.M006.02.02","carrierActionType":"CARRIER_ACTION_PUT","locationType":"LOCATION_PRIMARY","carrierId":"","currentCount":3}}}}]"
[29/Aug/2023 04:08:52] "DEBUG" "organisation_event_processor" "handling a action event..."
[29/Aug/2023 04:08:57] "DEBUG" "ils_event_consumer" "KAFKA | RECEIVED | [topic=organisation_events_1091c573-df2b-44e3-8755-64c8a09cebcc] | [content={"header":{"traceId":"8b829fc3-2cbd-44de-a867-51ff5f377f4e","id":"8d266181-debc-47fb-b91c-8b03f9fbdd16","organisationId":"b6c197fa-c1d2-43ec-930f-57daf8c7aa9b","timestamp":"2023-08-29T14:08:57.209792637Z"},"body":{"action":{"carrier":{"laneAddress":"S001.M006.02.02","carrierActionType":"CARRIER_ACTION_PICK","locationType":"LOCATION_PRIMARY","carrierId":"","currentCount":2}}}}]"
[29/Aug/2023 04:08:57] "DEBUG" "organisation_event_processor" "handling a action event..."
[29/Aug/2023 04:08:57] "INFO" "organisation_event_processor" "signal linked lane S001.M006.02.02 -> 1a6acfef-0beb-4115-80c2-9c9cf02c6208"
[29/Aug/2023 04:08:58] "DEBUG" "organisation_event_processor" "Exception when calling ILS API: a bytes-like object is required, not 'str'"
[29/Aug/2023 04:09:00] "ERROR" "organisation_event_processor" "Exception when calling ILS API: (500)
Reason: Internal Server Error
HTTP response headers: HTTPHeaderDict({'Cache-Control': 'no-cache, no-store, max-age=0, must-revalidate', 'Content-Type': 'application/json', 'Date': 'Tue, 29 Aug 2023 14:09:00 GMT', 'Expires': '0', 'Pragma': 'no-cache', 'Strict-Transport-Security': 'max-age=31536000 ; includeSubDomains', 'X-Content-Type-Options': 'nosniff', 'X-Frame-Options': 'DENY', 'X-Xss-Protection': '1; mode=block', 'Transfer-Encoding': 'chunked'})
HTTP response body: b'{"timestamp":"2023-08-29T14:09:00.371173585Z","status":500,"message":"Unknown error!"}'
"
[29/Aug/2023 04:09:01] "ERROR" "organisation_event_processor" "Exception when calling ILS API: (404)
Reason: Not Found
HTTP response headers: HTTPHeaderDict({'Cache-Control': 'no-cache, no-store, max-age=0, must-revalidate', 'Content-Type': 'application/json', 'Date': 'Tue, 29 Aug 2023 14:09:01 GMT', 'Expires': '0', 'Pragma': 'no-cache', 'Strict-Transport-Security': 'max-age=31536000 ; includeSubDomains', 'Vary': 'Origin, Access-Control-Request-Method, Access-Control-Request-Headers', 'X-Content-Type-Options': 'nosniff', 'X-Frame-Options': 'DENY', 'X-Xss-Protection': '1; mode=block', 'Transfer-Encoding': 'chunked'})
HTTP response body: b'{"timestamp":"2023-08-29T14:09:01.942+00:00","status":404,"error":"Not Found","path":"/v1beta1/kanban/control-cycles/41ffe350-3606-46e6-bc64-0655e6ae959a/cards:associate-carrier/"}'
"
[29/Aug/2023 04:09:19] "DEBUG" "ils_event_consumer" "KAFKA | RECEIVED | [topic=organisation_events_1091c573-df2b-44e3-8755-64c8a09cebcc] | [content={"header":{"traceId":"d3821cc2-2bf2-4957-b801-a39878f2c20d","id":"42936a9d-2960-4d7b-ade8-7a7c1cc40212","organisationId":"b6c197fa-c1d2-43ec-930f-57daf8c7aa9b","timestamp":"2023-08-29T14:09:19.485533757Z"},"body":{"action":{"carrier":{"laneAddress":"S001.M004.04.02","carrierActionType":"CARRIER_ACTION_PICK","locationType":"LOCATION_SECONDARY","carrierId":"","currentCount":0}}}}]"
[29/Aug/2023 04:09:19] "DEBUG" "organisation_event_processor" "handling a action event..."
[29/Aug/2023 04:09:19] "INFO" "organisation_event_processor" "signal linked lane S001.M004.04.02 -> 266b32ef-d2e6-4b6a-979d-ab161cd5b83a"
[29/Aug/2023 04:09:20] "DEBUG" "organisation_event_processor" "Exception when calling ILS API: a bytes-like object is required, not 'str'"
[29/Aug/2023 04:09:22] "ERROR" "organisation_event_processor" "Exception when calling ILS API: (500)
Reason: Internal Server Error
HTTP response headers: HTTPHeaderDict({'Cache-Control': 'no-cache, no-store, max-age=0, must-revalidate', 'Content-Type': 'application/json', 'Date': 'Tue, 29 Aug 2023 14:09:22 GMT', 'Expires': '0', 'Pragma': 'no-cache', 'Strict-Transport-Security': 'max-age=31536000 ; includeSubDomains', 'X-Content-Type-Options': 'nosniff', 'X-Frame-Options': 'DENY', 'X-Xss-Protection': '1; mode=block', 'Transfer-Encoding': 'chunked'})
HTTP response body: b'{"timestamp":"2023-08-29T14:09:22.317778301Z","status":500,"message":"Unknown error!"}'
"
[29/Aug/2023 04:09:23] "ERROR" "organisation_event_processor" "Exception when calling ILS API: (404)
Reason: Not Found
HTTP response headers: HTTPHeaderDict({'Cache-Control': 'no-cache, no-store, max-age=0, must-revalidate', 'Content-Type': 'application/json', 'Date': 'Tue, 29 Aug 2023 14:09:23 GMT', 'Expires': '0', 'Pragma': 'no-cache', 'Strict-Transport-Security': 'max-age=31536000 ; includeSubDomains', 'Vary': 'Origin, Access-Control-Request-Method, Access-Control-Request-Headers', 'X-Content-Type-Options': 'nosniff', 'X-Frame-Options': 'DENY', 'X-Xss-Protection': '1; mode=block', 'Transfer-Encoding': 'chunked'})
HTTP response body: b'{"timestamp":"2023-08-29T14:09:23.907+00:00","status":404,"error":"Not Found","path":"/v1beta1/kanban/control-cycles/420d411a-509a-490d-bc26-9cfd51330ea3/cards:associate-carrier/"}'
"
[29/Aug/2023 04:09:25] "DEBUG" "organisation_event_processor" "Exception when calling ILS API: a bytes-like object is required, not 'str'"
[29/Aug/2023 04:09:27] "DEBUG" "organisation_event_processor" "Exception when calling ILS API: a bytes-like object is required, not 'str'"
[29/Aug/2023 04:09:48] "DEBUG" "ils_event_consumer" "KAFKA | RECEIVED | [topic=organisation_events_1091c573-df2b-44e3-8755-64c8a09cebcc] | [content={"header":{"traceId":"82f780cb-0982-4417-9a9b-42443e4aea55","id":"e600cd5f-e1e2-4e41-af19-30f879776fa6","organisationId":"b6c197fa-c1d2-43ec-930f-57daf8c7aa9b","timestamp":"2023-08-29T14:09:48.587649500Z"},"body":{"action":{"carrier":{"laneAddress":"S001.M004.04.02","carrierActionType":"CARRIER_ACTION_PUT","locationType":"LOCATION_SECONDARY","carrierId":"","currentCount":1}}}}]"
[29/Aug/2023 04:09:48] "DEBUG" "organisation_event_processor" "handling a action event..."
[29/Aug/2023 04:10:01] "DEBUG" "ils_event_consumer" "KAFKA | RECEIVED | [topic=organisation_events_1091c573-df2b-44e3-8755-64c8a09cebcc] | [content={"header":{"traceId":"ac71cbae-efe0-4e18-96b1-bae564898b64","id":"90b7161a-efbb-46a5-8eb4-ef53cfe6ec14","organisationId":"b6c197fa-c1d2-43ec-930f-57daf8c7aa9b","timestamp":"2023-08-29T14:10:01.748125346Z"},"body":{"action":{"carrier":{"laneAddress":"S001.M006.02.02","carrierActionType":"CARRIER_ACTION_PUT","locationType":"LOCATION_SECONDARY","carrierId":"","currentCount":3}}}}]"
[29/Aug/2023 04:10:01] "DEBUG" "organisation_event_processor" "handling a action event..."
[29/Aug/2023 04:10:15] "DEBUG" "ils_event_consumer" "KAFKA | RECEIVED | [topic=organisation_events_1091c573-df2b-44e3-8755-64c8a09cebcc] | [content={"header":{"traceId":"4760dc12-d090-426c-9ba1-c4c2018ba230","id":"9cd06ca8-853d-422f-9d12-7d6fa37c280a","organisationId":"b6c197fa-c1d2-43ec-930f-57daf8c7aa9b","timestamp":"2023-08-29T14:10:15.537189634Z"},"body":{"action":{"carrier":{"laneAddress":"S001.M007.02.02","carrierActionType":"CARRIER_ACTION_PICK","locationType":"LOCATION_PRIMARY","carrierId":"","currentCount":2}}}}]"
[29/Aug/2023 04:10:15] "DEBUG" "organisation_event_processor" "handling a action event..."
[29/Aug/2023 04:10:15] "INFO" "organisation_event_processor" "signal linked lane S001.M007.02.02 -> 266b32ef-d2e6-4b6a-979d-ab161cd5b83a"
[29/Aug/2023 04:10:17] "DEBUG" "organisation_event_processor" "Exception when calling ILS API: a bytes-like object is required, not 'str'"
[29/Aug/2023 04:10:18] "ERROR" "organisation_event_processor" "Exception when calling ILS API: (500)
Reason: Internal Server Error
HTTP response headers: HTTPHeaderDict({'Cache-Control': 'no-cache, no-store, max-age=0, must-revalidate', 'Content-Type': 'application/json', 'Date': 'Tue, 29 Aug 2023 14:10:18 GMT', 'Expires': '0', 'Pragma': 'no-cache', 'Strict-Transport-Security': 'max-age=31536000 ; includeSubDomains', 'X-Content-Type-Options': 'nosniff', 'X-Frame-Options': 'DENY', 'X-Xss-Protection': '1; mode=block', 'Transfer-Encoding': 'chunked'})
HTTP response body: b'{"timestamp":"2023-08-29T14:10:18.342418594Z","status":500,"message":"Unknown error!"}'
"
[29/Aug/2023 04:10:19] "ERROR" "organisation_event_processor" "Exception when calling ILS API: (404)
Reason: Not Found
HTTP response headers: HTTPHeaderDict({'Cache-Control': 'no-cache, no-store, max-age=0, must-revalidate', 'Content-Type': 'application/json', 'Date': 'Tue, 29 Aug 2023 14:10:19 GMT', 'Expires': '0', 'Pragma': 'no-cache', 'Strict-Transport-Security': 'max-age=31536000 ; includeSubDomains', 'Vary': 'Origin, Access-Control-Request-Method, Access-Control-Request-Headers', 'X-Content-Type-Options': 'nosniff', 'X-Frame-Options': 'DENY', 'X-Xss-Protection': '1; mode=block', 'Transfer-Encoding': 'chunked'})
HTTP response body: b'{"timestamp":"2023-08-29T14:10:19.624+00:00","status":404,"error":"Not Found","path":"/v1beta1/kanban/control-cycles/9adf1dbf-58ad-4ba1-bd29-22d25e22c53c/cards:associate-carrier/"}'
"
[29/Aug/2023 04:10:20] "DEBUG" "organisation_event_processor" "Exception when calling ILS API: a bytes-like object is required, not 'str'"
[29/Aug/2023 04:10:22] "DEBUG" "organisation_event_processor" "Exception when calling ILS API: a bytes-like object is required, not 'str'"
[29/Aug/2023 04:11:58] "DEBUG" "ils_event_consumer" "KAFKA | RECEIVED | [topic=organisation_events_1091c573-df2b-44e3-8755-64c8a09cebcc] | [content={"header":{"traceId":"fc22a98e-4fd2-44c3-bc46-dffc08553036","id":"e4716146-e062-4025-a49f-2b2cf0c94b72","organisationId":"b6c197fa-c1d2-43ec-930f-57daf8c7aa9b","timestamp":"2023-08-29T14:11:58.176442641Z"},"body":{"action":{"carrier":{"laneAddress":"S001.M007.02.02","carrierActionType":"CARRIER_ACTION_PUT","locationType":"LOCATION_PRIMARY","carrierId":"","currentCount":3}}}}]"
[29/Aug/2023 04:11:58] "DEBUG" "organisation_event_processor" "handling a action event..."
[29/Aug/2023 04:16:15] "DEBUG" "ils_event_consumer" "KAFKA | RECEIVED | [topic=organisation_events_1091c573-df2b-44e3-8755-64c8a09cebcc] | [content={"header":{"traceId":"0ee07ea7-550e-4bbf-8527-a733f9e2d9dd","id":"daf777ac-21d3-4555-8b6a-05fb5e5f7569","organisationId":"b6c197fa-c1d2-43ec-930f-57daf8c7aa9b","timestamp":"2023-08-29T14:16:15.602904421Z"},"body":{"action":{"carrier":{"laneAddress":"S001.M006.02.05","carrierActionType":"CARRIER_ACTION_PICK","locationType":"LOCATION_PRIMARY","carrierId":"","currentCount":7}}}}]"
[29/Aug/2023 04:16:15] "DEBUG" "organisation_event_processor" "handling a action event..."
[29/Aug/2023 04:16:15] "INFO" "organisation_event_processor" "signal linked lane S001.M006.02.05 -> 8d20ae37-d762-4d4a-935a-2d07fec2af7e"
[29/Aug/2023 04:16:17] "DEBUG" "organisation_event_processor" "Exception when calling ILS API: a bytes-like object is required, not 'str'"
[29/Aug/2023 04:16:18] "ERROR" "organisation_event_processor" "Exception when calling ILS API: (500)
Reason: Internal Server Error
HTTP response headers: HTTPHeaderDict({'Cache-Control': 'no-cache, no-store, max-age=0, must-revalidate', 'Content-Type': 'application/json', 'Date': 'Tue, 29 Aug 2023 14:16:18 GMT', 'Expires': '0', 'Pragma': 'no-cache', 'Strict-Transport-Security': 'max-age=31536000 ; includeSubDomains', 'X-Content-Type-Options': 'nosniff', 'X-Frame-Options': 'DENY', 'X-Xss-Protection': '1; mode=block', 'Transfer-Encoding': 'chunked'})
HTTP response body: b'{"timestamp":"2023-08-29T14:16:18.497922359Z","status":500,"message":"Unknown error!"}'
"
[29/Aug/2023 04:16:18] "DEBUG" "ils_event_consumer" "KAFKA | RECEIVED | [topic=organisation_events_1091c573-df2b-44e3-8755-64c8a09cebcc] | [content={"header":{"traceId":"539d56d6-6c26-485b-adde-e4f88caa3e2e","id":"db904748-9a87-4703-b4f1-d96becedb837","organisationId":"b6c197fa-c1d2-43ec-930f-57daf8c7aa9b","timestamp":"2023-08-29T14:16:18.755064569Z"},"body":{"action":{"carrier":{"laneAddress":"S001.M006.02.05","carrierActionType":"CARRIER_ACTION_PICK","locationType":"LOCATION_PRIMARY","carrierId":"","currentCount":6}}}}]"
[29/Aug/2023 04:16:19] "ERROR" "organisation_event_processor" "Exception when calling ILS API: (404)
Reason: Not Found
HTTP response headers: HTTPHeaderDict({'Cache-Control': 'no-cache, no-store, max-age=0, must-revalidate', 'Content-Type': 'application/json', 'Date': 'Tue, 29 Aug 2023 14:16:19 GMT', 'Expires': '0', 'Pragma': 'no-cache', 'Strict-Transport-Security': 'max-age=31536000 ; includeSubDomains', 'Vary': 'Origin, Access-Control-Request-Method, Access-Control-Request-Headers', 'X-Content-Type-Options': 'nosniff', 'X-Frame-Options': 'DENY', 'X-Xss-Protection': '1; mode=block', 'Transfer-Encoding': 'chunked'})
HTTP response body: b'{"timestamp":"2023-08-29T14:16:19.974+00:00","status":404,"error":"Not Found","path":"/v1beta1/kanban/control-cycles/41ffe350-3606-46e6-bc64-0655e6ae959a/cards:associate-carrier/"}'
"
[29/Aug/2023 04:16:19] "DEBUG" "organisation_event_processor" "handling a action event..."
[29/Aug/2023 04:16:19] "INFO" "organisation_event_processor" "signal linked lane S001.M006.02.05 -> 8d20ae37-d762-4d4a-935a-2d07fec2af7e"
[29/Aug/2023 04:16:21] "DEBUG" "organisation_event_processor" "Exception when calling ILS API: a bytes-like object is required, not 'str'"
[29/Aug/2023 04:16:22] "ERROR" "organisation_event_processor" "Exception when calling ILS API: (500)
Reason: Internal Server Error
HTTP response headers: HTTPHeaderDict({'Cache-Control': 'no-cache, no-store, max-age=0, must-revalidate', 'Content-Type': 'application/json', 'Date': 'Tue, 29 Aug 2023 14:16:22 GMT', 'Expires': '0', 'Pragma': 'no-cache', 'Strict-Transport-Security': 'max-age=31536000 ; includeSubDomains', 'X-Content-Type-Options': 'nosniff', 'X-Frame-Options': 'DENY', 'X-Xss-Protection': '1; mode=block', 'Transfer-Encoding': 'chunked'})
HTTP response body: b'{"timestamp":"2023-08-29T14:16:22.541354363Z","status":500,"message":"Unknown error!"}'
"
[29/Aug/2023 04:16:23] "ERROR" "organisation_event_processor" "Exception when calling ILS API: (404)
Reason: Not Found
HTTP response headers: HTTPHeaderDict({'Cache-Control': 'no-cache, no-store, max-age=0, must-revalidate', 'Content-Type': 'application/json', 'Date': 'Tue, 29 Aug 2023 14:16:23 GMT', 'Expires': '0', 'Pragma': 'no-cache', 'Strict-Transport-Security': 'max-age=31536000 ; includeSubDomains', 'Vary': 'Origin, Access-Control-Request-Method, Access-Control-Request-Headers', 'X-Content-Type-Options': 'nosniff', 'X-Frame-Options': 'DENY', 'X-Xss-Protection': '1; mode=block', 'Transfer-Encoding': 'chunked'})
HTTP response body: b'{"timestamp":"2023-08-29T14:16:23.731+00:00","status":404,"error":"Not Found","path":"/v1beta1/kanban/control-cycles/41ffe350-3606-46e6-bc64-0655e6ae959a/cards:associate-carrier/"}'
"
[29/Aug/2023 04:16:26] "DEBUG" "ils_event_consumer" "KAFKA | RECEIVED | [topic=organisation_events_1091c573-df2b-44e3-8755-64c8a09cebcc] | [content={"header":{"traceId":"5240ae7a-c29e-42d4-b2a8-94a7775af096","id":"d21c309e-f057-49f3-a415-383f187ce2b9","organisationId":"b6c197fa-c1d2-43ec-930f-57daf8c7aa9b","timestamp":"2023-08-29T14:16:26.514831312Z"},"body":{"action":{"carrier":{"laneAddress":"S001.M006.02.05","carrierActionType":"CARRIER_ACTION_PUT","locationType":"LOCATION_PRIMARY","carrierId":"d36afc85-fbbe-886e-3264-1c08784eb837","currentCount":7}}}}]"
[29/Aug/2023 04:16:26] "DEBUG" "organisation_event_processor" "handling a action event..."
[29/Aug/2023 04:16:30] "DEBUG" "ils_event_consumer" "KAFKA | RECEIVED | [topic=organisation_events_1091c573-df2b-44e3-8755-64c8a09cebcc] | [content={"header":{"traceId":"2acd9a22-2ed9-4554-9b90-a2ab7797436c","id":"526a9998-6c42-4631-956b-80266fb034cb","organisationId":"b6c197fa-c1d2-43ec-930f-57daf8c7aa9b","timestamp":"2023-08-29T14:16:30.106546572Z"},"body":{"action":{"carrier":{"laneAddress":"S001.M006.02.05","carrierActionType":"CARRIER_ACTION_PUT","locationType":"LOCATION_PRIMARY","carrierId":"d36afc85-fbbe-886e-3264-1c08784eb837","currentCount":8}}}}]"
[29/Aug/2023 04:16:30] "DEBUG" "organisation_event_processor" "handling a action event..."
[29/Aug/2023 04:16:34] "DEBUG" "ils_event_consumer" "KAFKA | RECEIVED | [topic=organisation_events_1091c573-df2b-44e3-8755-64c8a09cebcc] | [content={"header":{"traceId":"e3d882b3-90d6-4137-9911-ec1b3e89eb80","id":"78bb4b38-8be4-4a9d-bd7e-8daedfa8c18c","organisationId":"b6c197fa-c1d2-43ec-930f-57daf8c7aa9b","timestamp":"2023-08-29T14:16:34.840037836Z"},"body":{"action":{"carrier":{"laneAddress":"S001.M006.01.05","carrierActionType":"CARRIER_ACTION_PICK","locationType":"LOCATION_PRIMARY","carrierId":"","currentCount":0}}}}]"
[29/Aug/2023 04:16:34] "DEBUG" "organisation_event_processor" "handling a action event..."
[29/Aug/2023 04:16:34] "INFO" "organisation_event_processor" "signal linked lane S001.M006.01.05 -> 7a5dc1a2-d105-40ec-bcda-5f7c7cb2261b"
[29/Aug/2023 04:16:36] "DEBUG" "organisation_event_processor" "Exception when calling ILS API: a bytes-like object is required, not 'str'"
[29/Aug/2023 04:16:37] "ERROR" "organisation_event_processor" "Exception when calling ILS API: (500)
Reason: Internal Server Error
HTTP response headers: HTTPHeaderDict({'Cache-Control': 'no-cache, no-store, max-age=0, must-revalidate', 'Content-Type': 'application/json', 'Date': 'Tue, 29 Aug 2023 14:16:37 GMT', 'Expires': '0', 'Pragma': 'no-cache', 'Strict-Transport-Security': 'max-age=31536000 ; includeSubDomains', 'X-Content-Type-Options': 'nosniff', 'X-Frame-Options': 'DENY', 'X-Xss-Protection': '1; mode=block', 'Transfer-Encoding': 'chunked'})
HTTP response body: b'{"timestamp":"2023-08-29T14:16:37.731002417Z","status":500,"message":"Unknown error!"}'
"
[29/Aug/2023 04:16:39] "ERROR" "organisation_event_processor" "Exception when calling ILS API: (404)
Reason: Not Found
HTTP response headers: HTTPHeaderDict({'Cache-Control': 'no-cache, no-store, max-age=0, must-revalidate', 'Content-Type': 'application/json', 'Date': 'Tue, 29 Aug 2023 14:16:39 GMT', 'Expires': '0', 'Pragma': 'no-cache', 'Strict-Transport-Security': 'max-age=31536000 ; includeSubDomains', 'Vary': 'Origin, Access-Control-Request-Method, Access-Control-Request-Headers', 'X-Content-Type-Options': 'nosniff', 'X-Frame-Options': 'DENY', 'X-Xss-Protection': '1; mode=block', 'Transfer-Encoding': 'chunked'})
HTTP response body: b'{"timestamp":"2023-08-29T14:16:39.018+00:00","status":404,"error":"Not Found","path":"/v1beta1/kanban/control-cycles/41ffe350-3606-46e6-bc64-0655e6ae959a/cards:associate-carrier/"}'
"
[29/Aug/2023 04:16:48] "DEBUG" "ils_event_consumer" "KAFKA | RECEIVED | [topic=organisation_events_1091c573-df2b-44e3-8755-64c8a09cebcc] | [content={"header":{"traceId":"a3b325c2-9a87-48b8-9a5c-099dd44c0581","id":"4306b5e5-ae34-48a0-b908-1f70182d3a24","organisationId":"b6c197fa-c1d2-43ec-930f-57daf8c7aa9b","timestamp":"2023-08-29T14:16:48.752562102Z"},"body":{"action":{"carrier":{"laneAddress":"S001.M006.01.05","carrierActionType":"CARRIER_ACTION_PUT","locationType":"LOCATION_PRIMARY","carrierId":"","currentCount":1}}}}]"
[29/Aug/2023 04:16:48] "DEBUG" "organisation_event_processor" "handling a action event..."
[29/Aug/2023 04:17:08] "DEBUG" "ils_event_consumer" "KAFKA | RECEIVED | [topic=organisation_events_1091c573-df2b-44e3-8755-64c8a09cebcc] | [content={"header":{"traceId":"b81b9d5d-f94d-4f46-84a3-f29277ef08db","id":"83ac93a3-da95-4af7-8f5f-d3f659ee5eca","organisationId":"b6c197fa-c1d2-43ec-930f-57daf8c7aa9b","timestamp":"2023-08-29T14:17:08.508088170Z"},"body":{"action":{"carrier":{"laneAddress":"S001.M006.01.05","carrierActionType":"CARRIER_ACTION_PUT","locationType":"LOCATION_PRIMARY","carrierId":"","currentCount":2}}}}]"
[29/Aug/2023 04:17:08] "DEBUG" "organisation_event_processor" "handling a action event..."
[29/Aug/2023 04:17:09] "DEBUG" "ils_event_consumer" "KAFKA | RECEIVED | [topic=organisation_events_1091c573-df2b-44e3-8755-64c8a09cebcc] | [content={"header":{"traceId":"49a20a02-9dda-44b3-bb86-f3b14e704054","id":"0f546c1f-f345-4066-b76a-251fb0a726e3","organisationId":"b6c197fa-c1d2-43ec-930f-57daf8c7aa9b","timestamp":"2023-08-29T14:17:09.164078874Z"},"body":{"action":{"carrier":{"laneAddress":"S001.M006.01.05","carrierActionType":"CARRIER_ACTION_PICK","locationType":"LOCATION_PRIMARY","carrierId":"","currentCount":1}}}}]"
[29/Aug/2023 04:17:09] "DEBUG" "organisation_event_processor" "handling a action event..."
[29/Aug/2023 04:17:09] "INFO" "organisation_event_processor" "signal linked lane S001.M006.01.05 -> 7a5dc1a2-d105-40ec-bcda-5f7c7cb2261b"
[29/Aug/2023 04:17:11] "DEBUG" "organisation_event_processor" "Exception when calling ILS API: a bytes-like object is required, not 'str'"
[29/Aug/2023 04:17:12] "ERROR" "organisation_event_processor" "Exception when calling ILS API: (500)
Reason: Internal Server Error
HTTP response headers: HTTPHeaderDict({'Cache-Control': 'no-cache, no-store, max-age=0, must-revalidate', 'Content-Type': 'application/json', 'Date': 'Tue, 29 Aug 2023 14:17:12 GMT', 'Expires': '0', 'Pragma': 'no-cache', 'Strict-Transport-Security': 'max-age=31536000 ; includeSubDomains', 'X-Content-Type-Options': 'nosniff', 'X-Frame-Options': 'DENY', 'X-Xss-Protection': '1; mode=block', 'Transfer-Encoding': 'chunked'})
HTTP response body: b'{"timestamp":"2023-08-29T14:17:12.931652094Z","status":500,"message":"Unknown error!"}'
"
[29/Aug/2023 04:17:14] "ERROR" "organisation_event_processor" "Exception when calling ILS API: (404)
Reason: Not Found
HTTP response headers: HTTPHeaderDict({'Cache-Control': 'no-cache, no-store, max-age=0, must-revalidate', 'Content-Type': 'application/json', 'Date': 'Tue, 29 Aug 2023 14:17:14 GMT', 'Expires': '0', 'Pragma': 'no-cache', 'Strict-Transport-Security': 'max-age=31536000 ; includeSubDomains', 'Vary': 'Origin, Access-Control-Request-Method, Access-Control-Request-Headers', 'X-Content-Type-Options': 'nosniff', 'X-Frame-Options': 'DENY', 'X-Xss-Protection': '1; mode=block', 'Transfer-Encoding': 'chunked'})
HTTP response body: b'{"timestamp":"2023-08-29T14:17:14.896+00:00","status":404,"error":"Not Found","path":"/v1beta1/kanban/control-cycles/41ffe350-3606-46e6-bc64-0655e6ae959a/cards:associate-carrier/"}'
"
[29/Aug/2023 04:18:31] "INFO" "ils_event_consumer" "Shutting down signal 'SIGINT' received, starting to stop consumer!"
[29/Aug/2023 04:18:31] "INFO" "ils_event_consumer" "Ordering consumer to stop!"
[29/Aug/2023 04:18:31] "DEBUG" "ils_event_consumer" "Warning Event Processors to stop!"
[29/Aug/2023 04:18:31] "DEBUG" "ils_event_consumer" "Closing consumer!"
[29/Aug/2023 04:18:31] "INFO" "events_processor" "OrganisationEventProcessor received order to stop!"
[29/Aug/2023 04:18:31] "INFO" "events_processor" "All messages in OrganisationEventProcessor processing queue have been processed. Shutting down..."
[29/Aug/2023 04:18:32] "DEBUG" "ils_event_consumer" "Consumer has been shutdown!"
[29/Aug/2023 04:18:32] "DEBUG" "main" "Ending process: 'OrganisationEventProcessor-1'"
[29/Aug/2023 04:18:32] "INFO" "main" "Process OrganisationEventProcessor-1 as fully stopped!"
[29/Aug/2023 04:16:48] "DEBUG" "ils_event_consumer" "KAFKA | RECEIVED | [topic=organisation_events_1091c573-df2b-44e3-8755-64c8a09cebcc] | [content={"header":{"traceId":"a3b325c2-9a87-48b8-9a5c-099dd44c0581","id":"4306b5e5-ae34-48a0-b908-1f70182d3a24","organisationId":"b6c197fa-c1d2-43ec-930f-57daf8c7aa9b","timestamp":"2023-08-29T14:16:48.752562102Z"},"body":{"action":{"carrier":{"laneAddress":"S001.M006.01.05","carrierActionType":"CARRIER_ACTION_PUT","locationType":"LOCATION_PRIMARY","carrierId":"","currentCount":1}}}}]"4
[29/Aug/2023 04:16:48] "DEBUG" "ils_event_consumer" "KAFKA | RECEIVED | [topic=organisation_events_1091c573-df2b-44e3-8755-64c8a09cebcc] | [content={"header":{"traceId":"a3b325c2-9a87-48b8-9a5c-099dd44c0581","id":"4306b5e5-ae34-48a0-b908-1f70182d3a24","organisationId":"b6c197fa-c1d2-43ec-930f-57daf8c7aa9b","timestamp":"2023-08-29T14:16:48.752562102Z"},"body":{"action":{"carrier":{"laneAddress":"S001.M006.01.05","carrierActionType":"CARRIER_ACTION_PUT","locationType":"LOCATION_PRIMARY","carrierId":"","currentCount":1}}}}]"
[29/Aug/2023 04:16:48] "DEBUG" "ils_event_consumer" "KAFKA | RECEIVED | [topic=organisation_events_1091c573-df2b-44e3-8755-64c8a09cebcc] | [content={"header":{"traceId":"a3b325c2-9a87-48b8-9a5c-099dd44c0581","id":"4306b5e5-ae34-48a0-b908-1f70182d3a24","organisationId":"b6c197fa-c1d2-43ec-930f-57daf8c7aa9b","timestamp":"2023-08-29T14:16:48.752562102Z"},"body":{"action":{"carrier":{"laneAddress":"S001.M006.01.05","carrierActionType":"CARRIER_ACTION_PUT","locationType":"LOCATION_PRIMARY","carrierId":"","currentCount":1}}}}]"
[29/Aug/2023 04:16:48] "DEBUG" "ils_event_consumer" "KAFKA | RECEIVED | [topic=organisation_events_1091c573-df2b-44e3-8755-64c8a09cebcc] | [content={"header":{"traceId":"a3b325c2-9a87-48b8-9a5c-099dd44c0581","id":"4306b5e5-ae34-48a0-b908-1f70182d3a24","organisationId":"b6c197fa-c1d2-43ec-930f-57daf8c7aa9b","timestamp":"2023-08-29T14:16:48.752562102Z"},"body":{"action":{"carrier":{"laneAddress":"S001.M006.01.05","carrierActionType":"CARRIER_ACTION_PUT","locationType":"LOCATION_PRIMARY","carrierId":"","currentCount":1}}}}]"