[28/Aug/2023 03:12:09] "INFO" "main" "Starting application..."
[28/Aug/2023 03:12:13] "INFO" "main" "ils-api access: True"
[28/Aug/2023 03:12:13] "DEBUG" "main" "Starting process: 'OrganisationEventProcessor-1'"
[28/Aug/2023 03:12:13] "INFO" "ils_event_consumer" "Starting consumer..."
[28/Aug/2023 03:12:14] "INFO" "events_processor" "OrganisationEventProcessor Running!"
[28/Aug/2023 03:12:29] "DEBUG" "ils_event_consumer" "KAFKA | RECEIVED | [topic=organisation_events_1091c573-df2b-44e3-8755-64c8a09cebcc] | [content={"header":{"traceId":"54e3fd9a-0264-4a9b-92db-bca03d963efa","id":"f52537d0-a656-4308-abeb-037f7550eaac","organisationId":"b6c197fa-c1d2-43ec-930f-57daf8c7aa9b","timestamp":"2023-08-28T13:12:30.146089433Z"},"body":{"action":{"carrier":{"laneAddress":"S001.M006.01.01","carrierActionType":"CARRIER_ACTION_PUT","locationType":"LOCATION_PRIMARY","carrierId":"","currentCount":3}}}}]"
[28/Aug/2023 03:12:30] "DEBUG" "organisation_event_processor" "handling a action event..."
[28/Aug/2023 03:12:30] "DEBUG" "ils_event_consumer" "KAFKA | RECEIVED | [topic=organisation_events_1091c573-df2b-44e3-8755-64c8a09cebcc] | [content={"header":{"traceId":"9feed3a8-5f5a-43cc-a648-8e94dc00f7e9","id":"93dbb947-4a0a-4f21-8f8a-fb962f4a4cd0","organisationId":"b6c197fa-c1d2-43ec-930f-57daf8c7aa9b","timestamp":"2023-08-28T13:12:30.279341254Z"},"body":{"action":{"carrier":{"laneAddress":"S001.M004.03.02","carrierActionType":"CARRIER_ACTION_PUT","locationType":"LOCATION_PRIMARY","carrierId":"","currentCount":6}}}}]"
[28/Aug/2023 03:12:30] "DEBUG" "ils_event_consumer" "KAFKA | RECEIVED | [topic=organisation_events_1091c573-df2b-44e3-8755-64c8a09cebcc] | [content={"header":{"traceId":"ea4b2f67-9fad-4019-9730-b62185b37f65","id":"c5f2c81d-746d-4418-a2b8-281b6299cebe","organisationId":"b6c197fa-c1d2-43ec-930f-57daf8c7aa9b","timestamp":"2023-08-28T13:12:30.295897536Z"},"body":{"action":{"carrier":{"laneAddress":"S001.M006.01.01","carrierActionType":"CARRIER_ACTION_PICK","locationType":"LOCATION_SECONDARY","carrierId":"090e296f-bd80-be2c-90f6-8ad1639b5c46","currentCount":2}}}}]"
[28/Aug/2023 03:12:30] "DEBUG" "organisation_event_processor" "handling a action event..."
[28/Aug/2023 03:12:30] "DEBUG" "organisation_event_processor" "handling a action event..."
[28/Aug/2023 03:12:30] "INFO" "organisation_event_processor" "signal linked lane S001.M006.01.01 -> 2f391f1c-0488-4b21-a215-fe77978d3886"
[28/Aug/2023 03:12:30] "DEBUG" "ils_event_consumer" "KAFKA | RECEIVED | [topic=organisation_events_1091c573-df2b-44e3-8755-64c8a09cebcc] | [content={"header":{"traceId":"f094c6b4-592e-437f-bb9b-b501f11b23c5","id":"7322a9c9-712d-47ca-83df-612f9f96d581","organisationId":"b6c197fa-c1d2-43ec-930f-57daf8c7aa9b","timestamp":"2023-08-28T13:12:30.713141068Z"},"body":{"action":{"carrier":{"laneAddress":"S001.M006.01.01","carrierActionType":"CARRIER_ACTION_PICK","locationType":"LOCATION_PRIMARY","carrierId":"","currentCount":1}}}}]"
[28/Aug/2023 03:12:30] "DEBUG" "ils_event_consumer" "KAFKA | RECEIVED | [topic=organisation_events_1091c573-df2b-44e3-8755-64c8a09cebcc] | [content={"header":{"traceId":"d40746d6-5a58-44a2-968f-2c9cc688d041","id":"4dc47052-0187-4b38-af86-e7fc52e6379d","organisationId":"b6c197fa-c1d2-43ec-930f-57daf8c7aa9b","timestamp":"2023-08-28T13:12:30.871580382Z"},"body":{"action":{"carrier":{"laneAddress":"S001.M007.02.01","carrierActionType":"CARRIER_ACTION_PICK","locationType":"LOCATION_PRIMARY","carrierId":"","currentCount":1}}}}]"
[28/Aug/2023 03:12:31] "DEBUG" "ils_event_consumer" "KAFKA | RECEIVED | [topic=organisation_events_1091c573-df2b-44e3-8755-64c8a09cebcc] | [content={"header":{"traceId":"b4bbc8e5-a5c3-4e78-a795-3725fbafff7a","id":"2476c510-2539-4e4a-9f3e-c8e9568bd6f2","organisationId":"b6c197fa-c1d2-43ec-930f-57daf8c7aa9b","timestamp":"2023-08-28T13:12:31.610102931Z"},"body":{"action":{"carrier":{"laneAddress":"S001.M003.02.03","carrierActionType":"CARRIER_ACTION_PICK","locationType":"LOCATION_SECONDARY","carrierId":"","currentCount":0}}}}]"
[28/Aug/2023 03:12:31] "DEBUG" "ils_event_consumer" "KAFKA | RECEIVED | [topic=organisation_events_1091c573-df2b-44e3-8755-64c8a09cebcc] | [content={"header":{"traceId":"145d58fb-654a-4a4a-a678-a0c502bf5315","id":"78405b16-82e6-48ad-80ec-40f44da40f83","organisationId":"b6c197fa-c1d2-43ec-930f-57daf8c7aa9b","timestamp":"2023-08-28T13:12:32.181084228Z"},"body":{"action":{"carrier":{"laneAddress":"S001.M004.03.02","carrierActionType":"CARRIER_ACTION_PICK","locationType":"LOCATION_SECONDARY","carrierId":"","currentCount":5}}}}]"
[28/Aug/2023 03:12:32] "DEBUG" "organisation_event_processor" "Exception when calling ILS API: a bytes-like object is required, not 'str'"
[28/Aug/2023 03:12:32] "DEBUG" "ils_event_consumer" "KAFKA | RECEIVED | [topic=organisation_events_1091c573-df2b-44e3-8755-64c8a09cebcc] | [content={"header":{"traceId":"ad7a41ea-8c66-4b5f-a5d0-4248438596d5","id":"5bd41242-94a4-44f7-bdab-de753dfa211f","organisationId":"b6c197fa-c1d2-43ec-930f-57daf8c7aa9b","timestamp":"2023-08-28T13:12:33.181373462Z"},"body":{"action":{"carrier":{"laneAddress":"S001.M003.02.02","carrierActionType":"CARRIER_ACTION_PICK","locationType":"LOCATION_SECONDARY","carrierId":"","currentCount":0}}}}]"
[28/Aug/2023 03:12:33] "DEBUG" "ils_event_consumer" "KAFKA | RECEIVED | [topic=organisation_events_1091c573-df2b-44e3-8755-64c8a09cebcc] | [content={"header":{"traceId":"e47344ba-d7ac-402f-b48e-754e05fca2ea","id":"8e765795-8c2f-4082-a23c-b65bbb197ae2","organisationId":"b6c197fa-c1d2-43ec-930f-57daf8c7aa9b","timestamp":"2023-08-28T13:12:33.654497822Z"},"body":{"action":{"carrier":{"laneAddress":"S001.M007.02.01","carrierActionType":"CARRIER_ACTION_PUT","locationType":"LOCATION_PRIMARY","carrierId":"","currentCount":2}}}}]"
[28/Aug/2023 03:12:33] "ERROR" "organisation_event_processor" "Exception when calling ILS API: (404)
Reason: Not Found
HTTP response headers: HTTPHeaderDict({'Cache-Control': 'no-cache, no-store, max-age=0, must-revalidate', 'Content-Type': 'application/json', 'Date': 'Mon, 28 Aug 2023 13:12:33 GMT', 'Expires': '0', 'Pragma': 'no-cache', 'Strict-Transport-Security': 'max-age=31536000 ; includeSubDomains', 'X-Content-Type-Options': 'nosniff', 'X-Frame-Options': 'DENY', 'X-Xss-Protection': '1; mode=block', 'Transfer-Encoding': 'chunked'})
HTTP response body: b'{"timestamp":"2023-08-28T13:12:33.694719219Z","status":404,"message":"Not found a card assigned to this carrier!"}'
"
[28/Aug/2023 03:12:33] "DEBUG" "ils_event_consumer" "KAFKA | RECEIVED | [topic=organisation_events_1091c573-df2b-44e3-8755-64c8a09cebcc] | [content={"header":{"traceId":"8fbca69c-e961-49c9-b7c3-94681a5b8375","id":"e71c58c2-fba2-4822-8999-cf3330328ca6","organisationId":"b6c197fa-c1d2-43ec-930f-57daf8c7aa9b","timestamp":"2023-08-28T13:12:33.867952656Z"},"body":{"action":{"carrier":{"laneAddress":"S001.M003.02.03","carrierActionType":"CARRIER_ACTION_PUT","locationType":"LOCATION_SECONDARY","carrierId":"","currentCount":1}}}}]"
[28/Aug/2023 03:12:33] "DEBUG" "ils_event_consumer" "KAFKA | RECEIVED | [topic=organisation_events_1091c573-df2b-44e3-8755-64c8a09cebcc] | [content={"header":{"traceId":"516319a2-55d1-4b62-b756-d46979d0cbb2","id":"3cee9f72-0208-4bbd-8790-eee5c0f26fba","organisationId":"b6c197fa-c1d2-43ec-930f-57daf8c7aa9b","timestamp":"2023-08-28T13:12:34.126792102Z"},"body":{"action":{"carrier":{"laneAddress":"S001.M003.02.03","carrierActionType":"CARRIER_ACTION_PICK","locationType":"LOCATION_SECONDARY","carrierId":"","currentCount":0}}}}]"
[28/Aug/2023 03:12:34] "ERROR" "organisation_event_processor" "Exception when calling ILS API: (409)
Reason: Conflict
HTTP response headers: HTTPHeaderDict({'Cache-Control': 'no-cache, no-store, max-age=0, must-revalidate', 'Content-Type': 'application/json', 'Date': 'Mon, 28 Aug 2023 13:12:35 GMT', 'Expires': '0', 'Pragma': 'no-cache', 'Strict-Transport-Security': 'max-age=31536000 ; includeSubDomains', 'X-Content-Type-Options': 'nosniff', 'X-Frame-Options': 'DENY', 'X-Xss-Protection': '1; mode=block', 'Transfer-Encoding': 'chunked'})
HTTP response body: b'{"timestamp":"2023-08-28T13:12:35.02784437Z","status":409,"message":"Conflict, \'Should select CreateCardIfNoneFree!\'"}'
"
[28/Aug/2023 03:12:34] "DEBUG" "organisation_event_processor" "handling a action event..."
[28/Aug/2023 03:12:34] "INFO" "organisation_event_processor" "signal linked lane S001.M006.01.01 -> 2f391f1c-0488-4b21-a215-fe77978d3886"
[28/Aug/2023 03:12:36] "DEBUG" "organisation_event_processor" "Exception when calling ILS API: a bytes-like object is required, not 'str'"
[28/Aug/2023 03:12:37] "ERROR" "organisation_event_processor" "Exception when calling ILS API: (500)
Reason: Internal Server Error
HTTP response headers: HTTPHeaderDict({'Cache-Control': 'no-cache, no-store, max-age=0, must-revalidate', 'Content-Type': 'application/json', 'Date': 'Mon, 28 Aug 2023 13:12:37 GMT', 'Expires': '0', 'Pragma': 'no-cache', 'Strict-Transport-Security': 'max-age=31536000 ; includeSubDomains', 'X-Content-Type-Options': 'nosniff', 'X-Frame-Options': 'DENY', 'X-Xss-Protection': '1; mode=block', 'Transfer-Encoding': 'chunked'})
HTTP response body: b'{"timestamp":"2023-08-28T13:12:37.577957873Z","status":500,"message":"Unknown error!"}'
"
[28/Aug/2023 03:12:38] "ERROR" "organisation_event_processor" "Exception when calling ILS API: (404)
Reason: Not Found
HTTP response headers: HTTPHeaderDict({'Cache-Control': 'no-cache, no-store, max-age=0, must-revalidate', 'Content-Type': 'application/json', 'Date': 'Mon, 28 Aug 2023 13:12:38 GMT', 'Expires': '0', 'Pragma': 'no-cache', 'Strict-Transport-Security': 'max-age=31536000 ; includeSubDomains', 'Vary': 'Origin, Access-Control-Request-Method, Access-Control-Request-Headers', 'X-Content-Type-Options': 'nosniff', 'X-Frame-Options': 'DENY', 'X-Xss-Protection': '1; mode=block', 'Transfer-Encoding': 'chunked'})
HTTP response body: b'{"timestamp":"2023-08-28T13:12:38.865+00:00","status":404,"error":"Not Found","path":"/v1beta1/kanban/control-cycles/41ffe350-3606-46e6-bc64-0655e6ae959a/cards:associate-carrier/"}'
"
[28/Aug/2023 03:12:38] "DEBUG" "organisation_event_processor" "handling a action event..."
[28/Aug/2023 03:12:38] "INFO" "organisation_event_processor" "signal linked lane S001.M007.02.01 -> 266b32ef-d2e6-4b6a-979d-ab161cd5b83a"
[28/Aug/2023 03:12:40] "DEBUG" "organisation_event_processor" "Exception when calling ILS API: a bytes-like object is required, not 'str'"
[28/Aug/2023 03:12:41] "ERROR" "organisation_event_processor" "Exception when calling ILS API: (500)
Reason: Internal Server Error
HTTP response headers: HTTPHeaderDict({'Cache-Control': 'no-cache, no-store, max-age=0, must-revalidate', 'Content-Type': 'application/json', 'Date': 'Mon, 28 Aug 2023 13:12:41 GMT', 'Expires': '0', 'Pragma': 'no-cache', 'Strict-Transport-Security': 'max-age=31536000 ; includeSubDomains', 'X-Content-Type-Options': 'nosniff', 'X-Frame-Options': 'DENY', 'X-Xss-Protection': '1; mode=block', 'Transfer-Encoding': 'chunked'})
HTTP response body: b'{"timestamp":"2023-08-28T13:12:41.88367854Z","status":500,"message":"Unknown error!"}'
"
[28/Aug/2023 03:12:43] "ERROR" "organisation_event_processor" "Exception when calling ILS API: (404)
Reason: Not Found
HTTP response headers: HTTPHeaderDict({'Cache-Control': 'no-cache, no-store, max-age=0, must-revalidate', 'Content-Type': 'application/json', 'Date': 'Mon, 28 Aug 2023 13:12:43 GMT', 'Expires': '0', 'Pragma': 'no-cache', 'Strict-Transport-Security': 'max-age=31536000 ; includeSubDomains', 'Vary': 'Origin, Access-Control-Request-Method, Access-Control-Request-Headers', 'X-Content-Type-Options': 'nosniff', 'X-Frame-Options': 'DENY', 'X-Xss-Protection': '1; mode=block', 'Transfer-Encoding': 'chunked'})
HTTP response body: b'{"timestamp":"2023-08-28T13:12:43.575+00:00","status":404,"error":"Not Found","path":"/v1beta1/kanban/control-cycles/f1749739-f4ac-4206-af28-5bc7b3322484/cards:associate-carrier/"}'
"
[28/Aug/2023 03:12:45] "DEBUG" "organisation_event_processor" "Exception when calling ILS API: a bytes-like object is required, not 'str'"
[28/Aug/2023 03:12:46] "DEBUG" "organisation_event_processor" "Exception when calling ILS API: a bytes-like object is required, not 'str'"
[28/Aug/2023 03:12:46] "DEBUG" "organisation_event_processor" "handling a action event..."
[28/Aug/2023 03:12:46] "INFO" "organisation_event_processor" "signal linked lane S001.M003.02.03 -> 266b32ef-d2e6-4b6a-979d-ab161cd5b83a"
[28/Aug/2023 03:12:48] "DEBUG" "organisation_event_processor" "Exception when calling ILS API: a bytes-like object is required, not 'str'"
[28/Aug/2023 03:12:48] "DEBUG" "ils_event_consumer" "KAFKA | RECEIVED | [topic=organisation_events_1091c573-df2b-44e3-8755-64c8a09cebcc] | [content={"header":{"traceId":"0187292e-1ecf-41c7-af22-1d05a7c270f4","id":"c99692d3-895f-47a9-b5ee-ef45e6f327d6","organisationId":"b6c197fa-c1d2-43ec-930f-57daf8c7aa9b","timestamp":"2023-08-28T13:12:48.709113032Z"},"body":{"action":{"carrier":{"laneAddress":"S001.M006.01.04","carrierActionType":"CARRIER_ACTION_PUT","locationType":"LOCATION_PRIMARY","carrierId":"","currentCount":1}}}}]"
[28/Aug/2023 03:12:49] "ERROR" "organisation_event_processor" "Exception when calling ILS API: (500)
Reason: Internal Server Error
HTTP response headers: HTTPHeaderDict({'Cache-Control': 'no-cache, no-store, max-age=0, must-revalidate', 'Content-Type': 'application/json', 'Date': 'Mon, 28 Aug 2023 13:12:49 GMT', 'Expires': '0', 'Pragma': 'no-cache', 'Strict-Transport-Security': 'max-age=31536000 ; includeSubDomains', 'X-Content-Type-Options': 'nosniff', 'X-Frame-Options': 'DENY', 'X-Xss-Protection': '1; mode=block', 'Transfer-Encoding': 'chunked'})
HTTP response body: b'{"timestamp":"2023-08-28T13:12:49.681395497Z","status":500,"message":"Unknown error!"}'
"
[28/Aug/2023 03:12:50] "ERROR" "organisation_event_processor" "Exception when calling ILS API: (404)
Reason: Not Found
HTTP response headers: HTTPHeaderDict({'Cache-Control': 'no-cache, no-store, max-age=0, must-revalidate', 'Content-Type': 'application/json', 'Date': 'Mon, 28 Aug 2023 13:12:51 GMT', 'Expires': '0', 'Pragma': 'no-cache', 'Strict-Transport-Security': 'max-age=31536000 ; includeSubDomains', 'Vary': 'Origin, Access-Control-Request-Method, Access-Control-Request-Headers', 'X-Content-Type-Options': 'nosniff', 'X-Frame-Options': 'DENY', 'X-Xss-Protection': '1; mode=block', 'Transfer-Encoding': 'chunked'})
HTTP response body: b'{"timestamp":"2023-08-28T13:12:51.084+00:00","status":404,"error":"Not Found","path":"/v1beta1/kanban/control-cycles/41ffe350-3606-46e6-bc64-0655e6ae959a/cards:associate-carrier/"}'
"
[28/Aug/2023 03:12:50] "DEBUG" "organisation_event_processor" "handling a action event..."
[28/Aug/2023 03:12:50] "INFO" "organisation_event_processor" "signal linked lane S001.M004.03.02 -> 72638c2d-39fe-426f-aa6c-ba155236f1d0"
[28/Aug/2023 03:12:52] "DEBUG" "organisation_event_processor" "Exception when calling ILS API: a bytes-like object is required, not 'str'"
[28/Aug/2023 03:12:53] "ERROR" "organisation_event_processor" "Exception when calling ILS API: (500)
Reason: Internal Server Error
HTTP response headers: HTTPHeaderDict({'Cache-Control': 'no-cache, no-store, max-age=0, must-revalidate', 'Content-Type': 'application/json', 'Date': 'Mon, 28 Aug 2023 13:12:53 GMT', 'Expires': '0', 'Pragma': 'no-cache', 'Strict-Transport-Security': 'max-age=31536000 ; includeSubDomains', 'X-Content-Type-Options': 'nosniff', 'X-Frame-Options': 'DENY', 'X-Xss-Protection': '1; mode=block', 'Transfer-Encoding': 'chunked'})
HTTP response body: b'{"timestamp":"2023-08-28T13:12:53.892974716Z","status":500,"message":"Unknown error!"}'
"
[28/Aug/2023 03:12:54] "ERROR" "organisation_event_processor" "Exception when calling ILS API: (404)
Reason: Not Found
HTTP response headers: HTTPHeaderDict({'Cache-Control': 'no-cache, no-store, max-age=0, must-revalidate', 'Content-Type': 'application/json', 'Date': 'Mon, 28 Aug 2023 13:12:55 GMT', 'Expires': '0', 'Pragma': 'no-cache', 'Strict-Transport-Security': 'max-age=31536000 ; includeSubDomains', 'Vary': 'Origin, Access-Control-Request-Method, Access-Control-Request-Headers', 'X-Content-Type-Options': 'nosniff', 'X-Frame-Options': 'DENY', 'X-Xss-Protection': '1; mode=block', 'Transfer-Encoding': 'chunked'})
HTTP response body: b'{"timestamp":"2023-08-28T13:12:55.024+00:00","status":404,"error":"Not Found","path":"/v1beta1/kanban/control-cycles/352f5c2e-2a62-43b6-b8a4-5344c9d30c32/cards:associate-carrier/"}'
"
[28/Aug/2023 03:12:56] "DEBUG" "organisation_event_processor" "Exception when calling ILS API: a bytes-like object is required, not 'str'"
[28/Aug/2023 03:12:57] "DEBUG" "organisation_event_processor" "Exception when calling ILS API: a bytes-like object is required, not 'str'"
[28/Aug/2023 03:12:57] "DEBUG" "organisation_event_processor" "handling a action event..."
[28/Aug/2023 03:12:57] "INFO" "organisation_event_processor" "signal linked lane S001.M003.02.02 -> 266b32ef-d2e6-4b6a-979d-ab161cd5b83a"
[28/Aug/2023 03:12:58] "DEBUG" "ils_event_consumer" "KAFKA | RECEIVED | [topic=organisation_events_1091c573-df2b-44e3-8755-64c8a09cebcc] | [content={"header":{"traceId":"03b00872-fef9-4c08-b69b-130cdbeb9550","id":"b76ac896-d0ba-4e30-8869-6b9b1ecd4e53","organisationId":"b6c197fa-c1d2-43ec-930f-57daf8c7aa9b","timestamp":"2023-08-28T13:12:58.429023642Z"},"body":{"action":{"carrier":{"laneAddress":"S001.M004.02.01","carrierActionType":"CARRIER_ACTION_PICK","locationType":"LOCATION_SECONDARY","carrierId":"","currentCount":4}}}}]"
[28/Aug/2023 03:12:58] "DEBUG" "organisation_event_processor" "Exception when calling ILS API: a bytes-like object is required, not 'str'"
[28/Aug/2023 03:12:59] "ERROR" "organisation_event_processor" "Exception when calling ILS API: (500)
Reason: Internal Server Error
HTTP response headers: HTTPHeaderDict({'Cache-Control': 'no-cache, no-store, max-age=0, must-revalidate', 'Content-Type': 'application/json', 'Date': 'Mon, 28 Aug 2023 13:13:00 GMT', 'Expires': '0', 'Pragma': 'no-cache', 'Strict-Transport-Security': 'max-age=31536000 ; includeSubDomains', 'X-Content-Type-Options': 'nosniff', 'X-Frame-Options': 'DENY', 'X-Xss-Protection': '1; mode=block', 'Transfer-Encoding': 'chunked'})
HTTP response body: b'{"timestamp":"2023-08-28T13:13:00.098046346Z","status":500,"message":"Unknown error!"}'
"
[28/Aug/2023 03:13:00] "ERROR" "organisation_event_processor" "Exception when calling ILS API: (404)
Reason: Not Found
HTTP response headers: HTTPHeaderDict({'Cache-Control': 'no-cache, no-store, max-age=0, must-revalidate', 'Content-Type': 'application/json', 'Date': 'Mon, 28 Aug 2023 13:13:01 GMT', 'Expires': '0', 'Pragma': 'no-cache', 'Strict-Transport-Security': 'max-age=31536000 ; includeSubDomains', 'Vary': 'Origin, Access-Control-Request-Method, Access-Control-Request-Headers', 'X-Content-Type-Options': 'nosniff', 'X-Frame-Options': 'DENY', 'X-Xss-Protection': '1; mode=block', 'Transfer-Encoding': 'chunked'})
HTTP response body: b'{"timestamp":"2023-08-28T13:13:01.255+00:00","status":404,"error":"Not Found","path":"/v1beta1/kanban/control-cycles/15c5e6f6-a406-4f02-bac3-0521d51f86fc/cards:associate-carrier/"}'
"
[28/Aug/2023 03:13:02] "DEBUG" "organisation_event_processor" "Exception when calling ILS API: a bytes-like object is required, not 'str'"
[28/Aug/2023 03:13:03] "DEBUG" "organisation_event_processor" "Exception when calling ILS API: a bytes-like object is required, not 'str'"
[28/Aug/2023 03:13:03] "DEBUG" "organisation_event_processor" "handling a action event..."
[28/Aug/2023 03:13:03] "DEBUG" "organisation_event_processor" "handling a action event..."
[28/Aug/2023 03:13:03] "DEBUG" "organisation_event_processor" "handling a action event..."
[28/Aug/2023 03:13:03] "INFO" "organisation_event_processor" "signal linked lane S001.M003.02.03 -> 266b32ef-d2e6-4b6a-979d-ab161cd5b83a"
[28/Aug/2023 03:13:04] "DEBUG" "organisation_event_processor" "Exception when calling ILS API: a bytes-like object is required, not 'str'"
[28/Aug/2023 03:13:06] "ERROR" "organisation_event_processor" "Exception when calling ILS API: (500)
Reason: Internal Server Error
HTTP response headers: HTTPHeaderDict({'Cache-Control': 'no-cache, no-store, max-age=0, must-revalidate', 'Content-Type': 'application/json', 'Date': 'Mon, 28 Aug 2023 13:13:06 GMT', 'Expires': '0', 'Pragma': 'no-cache', 'Strict-Transport-Security': 'max-age=31536000 ; includeSubDomains', 'X-Content-Type-Options': 'nosniff', 'X-Frame-Options': 'DENY', 'X-Xss-Protection': '1; mode=block', 'Transfer-Encoding': 'chunked'})
HTTP response body: b'{"timestamp":"2023-08-28T13:13:06.329934531Z","status":500,"message":"Unknown error!"}'
"
[28/Aug/2023 03:13:07] "ERROR" "organisation_event_processor" "Exception when calling ILS API: (404)
Reason: Not Found
HTTP response headers: HTTPHeaderDict({'Cache-Control': 'no-cache, no-store, max-age=0, must-revalidate', 'Content-Type': 'application/json', 'Date': 'Mon, 28 Aug 2023 13:13:07 GMT', 'Expires': '0', 'Pragma': 'no-cache', 'Strict-Transport-Security': 'max-age=31536000 ; includeSubDomains', 'Vary': 'Origin, Access-Control-Request-Method, Access-Control-Request-Headers', 'X-Content-Type-Options': 'nosniff', 'X-Frame-Options': 'DENY', 'X-Xss-Protection': '1; mode=block', 'Transfer-Encoding': 'chunked'})
HTTP response body: b'{"timestamp":"2023-08-28T13:13:07.765+00:00","status":404,"error":"Not Found","path":"/v1beta1/kanban/control-cycles/41ffe350-3606-46e6-bc64-0655e6ae959a/cards:associate-carrier/"}'
"
[28/Aug/2023 03:13:07] "DEBUG" "organisation_event_processor" "handling a action event..."
[28/Aug/2023 03:13:07] "DEBUG" "organisation_event_processor" "handling a action event..."
[28/Aug/2023 03:13:07] "INFO" "organisation_event_processor" "signal linked lane S001.M004.02.01 -> 417aec52-81db-459b-9259-21699851a9d1"
[28/Aug/2023 03:13:08] "DEBUG" "organisation_event_processor" "Exception when calling ILS API: a bytes-like object is required, not 'str'"
[28/Aug/2023 03:13:09] "ERROR" "organisation_event_processor" "Exception when calling ILS API: (500)
Reason: Internal Server Error
HTTP response headers: HTTPHeaderDict({'Cache-Control': 'no-cache, no-store, max-age=0, must-revalidate', 'Content-Type': 'application/json', 'Date': 'Mon, 28 Aug 2023 13:13:10 GMT', 'Expires': '0', 'Pragma': 'no-cache', 'Strict-Transport-Security': 'max-age=31536000 ; includeSubDomains', 'X-Content-Type-Options': 'nosniff', 'X-Frame-Options': 'DENY', 'X-Xss-Protection': '1; mode=block', 'Transfer-Encoding': 'chunked'})
HTTP response body: b'{"timestamp":"2023-08-28T13:13:10.240268557Z","status":500,"message":"Unknown error!"}'
"
[28/Aug/2023 03:13:11] "ERROR" "organisation_event_processor" "Exception when calling ILS API: (404)
Reason: Not Found
HTTP response headers: HTTPHeaderDict({'Cache-Control': 'no-cache, no-store, max-age=0, must-revalidate', 'Content-Type': 'application/json', 'Date': 'Mon, 28 Aug 2023 13:13:11 GMT', 'Expires': '0', 'Pragma': 'no-cache', 'Strict-Transport-Security': 'max-age=31536000 ; includeSubDomains', 'Vary': 'Origin, Access-Control-Request-Method, Access-Control-Request-Headers', 'X-Content-Type-Options': 'nosniff', 'X-Frame-Options': 'DENY', 'X-Xss-Protection': '1; mode=block', 'Transfer-Encoding': 'chunked'})
HTTP response body: b'{"timestamp":"2023-08-28T13:13:11.455+00:00","status":404,"error":"Not Found","path":"/v1beta1/kanban/control-cycles/01ec2ee7-38db-4a9f-8e1c-5db90301b09e/cards:associate-carrier/"}'
"
[28/Aug/2023 03:13:12] "DEBUG" "organisation_event_processor" "Exception when calling ILS API: a bytes-like object is required, not 'str'"
[28/Aug/2023 03:13:13] "DEBUG" "organisation_event_processor" "Exception when calling ILS API: a bytes-like object is required, not 'str'"
[28/Aug/2023 03:13:46] "DEBUG" "ils_event_consumer" "KAFKA | RECEIVED | [topic=organisation_events_1091c573-df2b-44e3-8755-64c8a09cebcc] | [content={"header":{"traceId":"6cac64f2-4af0-408a-b0de-864a8cb28770","id":"8fa5cc02-01ee-4fec-b54d-25c170dad620","organisationId":"b6c197fa-c1d2-43ec-930f-57daf8c7aa9b","timestamp":"2023-08-28T13:13:46.789804890Z"},"body":{"action":{"carrier":{"laneAddress":"S001.M006.01.01","carrierActionType":"CARRIER_ACTION_PUT","locationType":"LOCATION_PRIMARY","carrierId":"","currentCount":2}}}}]"
[28/Aug/2023 03:13:46] "DEBUG" "organisation_event_processor" "handling a action event..."
[28/Aug/2023 03:13:51] "DEBUG" "ils_event_consumer" "KAFKA | RECEIVED | [topic=organisation_events_1091c573-df2b-44e3-8755-64c8a09cebcc] | [content={"header":{"traceId":"5c65a183-aded-4254-8ff9-2314c315d154","id":"cb660fcf-172a-46fd-a304-a7ca2bc3611a","organisationId":"b6c197fa-c1d2-43ec-930f-57daf8c7aa9b","timestamp":"2023-08-28T13:13:51.477758246Z"},"body":{"action":{"carrier":{"laneAddress":"S001.M006.01.01","carrierActionType":"CARRIER_ACTION_PICK","locationType":"LOCATION_PRIMARY","carrierId":"","currentCount":1}}}}]"
[28/Aug/2023 03:13:51] "DEBUG" "organisation_event_processor" "handling a action event..."
[28/Aug/2023 03:13:51] "INFO" "organisation_event_processor" "signal linked lane S001.M006.01.01 -> 2f391f1c-0488-4b21-a215-fe77978d3886"
[28/Aug/2023 03:13:52] "DEBUG" "organisation_event_processor" "Exception when calling ILS API: a bytes-like object is required, not 'str'"
[28/Aug/2023 03:13:53] "ERROR" "organisation_event_processor" "Exception when calling ILS API: (500)
Reason: Internal Server Error
HTTP response headers: HTTPHeaderDict({'Cache-Control': 'no-cache, no-store, max-age=0, must-revalidate', 'Content-Type': 'application/json', 'Date': 'Mon, 28 Aug 2023 13:13:54 GMT', 'Expires': '0', 'Pragma': 'no-cache', 'Strict-Transport-Security': 'max-age=31536000 ; includeSubDomains', 'X-Content-Type-Options': 'nosniff', 'X-Frame-Options': 'DENY', 'X-Xss-Protection': '1; mode=block', 'Transfer-Encoding': 'chunked'})
HTTP response body: b'{"timestamp":"2023-08-28T13:13:54.054469214Z","status":500,"message":"Unknown error!"}'
"
[28/Aug/2023 03:13:55] "ERROR" "organisation_event_processor" "Exception when calling ILS API: (404)
Reason: Not Found
HTTP response headers: HTTPHeaderDict({'Cache-Control': 'no-cache, no-store, max-age=0, must-revalidate', 'Content-Type': 'application/json', 'Date': 'Mon, 28 Aug 2023 13:13:55 GMT', 'Expires': '0', 'Pragma': 'no-cache', 'Strict-Transport-Security': 'max-age=31536000 ; includeSubDomains', 'Vary': 'Origin, Access-Control-Request-Method, Access-Control-Request-Headers', 'X-Content-Type-Options': 'nosniff', 'X-Frame-Options': 'DENY', 'X-Xss-Protection': '1; mode=block', 'Transfer-Encoding': 'chunked'})
HTTP response body: b'{"timestamp":"2023-08-28T13:13:55.359+00:00","status":404,"error":"Not Found","path":"/v1beta1/kanban/control-cycles/41ffe350-3606-46e6-bc64-0655e6ae959a/cards:associate-carrier/"}'
"
[28/Aug/2023 03:13:57] "DEBUG" "ils_event_consumer" "KAFKA | RECEIVED | [topic=organisation_events_1091c573-df2b-44e3-8755-64c8a09cebcc] | [content={"header":{"traceId":"f487ff35-7718-46df-b780-4d239b3c0770","id":"6d301948-7349-4667-b189-c4e300c768df","organisationId":"b6c197fa-c1d2-43ec-930f-57daf8c7aa9b","timestamp":"2023-08-28T13:13:57.258808370Z"},"body":{"action":{"carrier":{"laneAddress":"S001.M004.02.01","carrierActionType":"CARRIER_ACTION_PUT","locationType":"LOCATION_PRIMARY","carrierId":"891ec6e4-7b70-4182-a4b7-de1618290f06","currentCount":5}}}}]"
[28/Aug/2023 03:13:57] "DEBUG" "organisation_event_processor" "handling a action event..."
[28/Aug/2023 03:14:06] "DEBUG" "ils_event_consumer" "KAFKA | RECEIVED | [topic=organisation_events_1091c573-df2b-44e3-8755-64c8a09cebcc] | [content={"header":{"traceId":"4d8f4030-5580-4c47-9d90-3109a4df04f4","id":"5177c9d6-7c08-4853-ab5d-e56ce02dd3cf","organisationId":"b6c197fa-c1d2-43ec-930f-57daf8c7aa9b","timestamp":"2023-08-28T13:14:06.602877809Z"},"body":{"action":{"carrier":{"laneAddress":"S001.M006.01.04","carrierActionType":"CARRIER_ACTION_PICK","locationType":"LOCATION_PRIMARY","carrierId":"","currentCount":0}}}}]"
[28/Aug/2023 03:14:06] "DEBUG" "organisation_event_processor" "handling a action event..."
[28/Aug/2023 03:14:06] "INFO" "organisation_event_processor" "signal linked lane S001.M006.01.04 -> 396e2360-6fec-4e18-9072-8b4e2c6c90fe"
[28/Aug/2023 03:14:07] "DEBUG" "organisation_event_processor" "Exception when calling ILS API: a bytes-like object is required, not 'str'"
[28/Aug/2023 03:14:08] "ERROR" "organisation_event_processor" "Exception when calling ILS API: (500)
Reason: Internal Server Error
HTTP response headers: HTTPHeaderDict({'Cache-Control': 'no-cache, no-store, max-age=0, must-revalidate', 'Content-Type': 'application/json', 'Date': 'Mon, 28 Aug 2023 13:14:09 GMT', 'Expires': '0', 'Pragma': 'no-cache', 'Strict-Transport-Security': 'max-age=31536000 ; includeSubDomains', 'X-Content-Type-Options': 'nosniff', 'X-Frame-Options': 'DENY', 'X-Xss-Protection': '1; mode=block', 'Transfer-Encoding': 'chunked'})
HTTP response body: b'{"timestamp":"2023-08-28T13:14:09.275538197Z","status":500,"message":"Unknown error!"}'
"
[28/Aug/2023 03:14:10] "ERROR" "organisation_event_processor" "Exception when calling ILS API: (404)
Reason: Not Found
HTTP response headers: HTTPHeaderDict({'Cache-Control': 'no-cache, no-store, max-age=0, must-revalidate', 'Content-Type': 'application/json', 'Date': 'Mon, 28 Aug 2023 13:14:10 GMT', 'Expires': '0', 'Pragma': 'no-cache', 'Strict-Transport-Security': 'max-age=31536000 ; includeSubDomains', 'Vary': 'Origin, Access-Control-Request-Method, Access-Control-Request-Headers', 'X-Content-Type-Options': 'nosniff', 'X-Frame-Options': 'DENY', 'X-Xss-Protection': '1; mode=block', 'Transfer-Encoding': 'chunked'})
HTTP response body: b'{"timestamp":"2023-08-28T13:14:10.582+00:00","status":404,"error":"Not Found","path":"/v1beta1/kanban/control-cycles/41ffe350-3606-46e6-bc64-0655e6ae959a/cards:associate-carrier/"}'
"
[28/Aug/2023 03:14:19] "DEBUG" "ils_event_consumer" "KAFKA | RECEIVED | [topic=organisation_events_1091c573-df2b-44e3-8755-64c8a09cebcc] | [content={"header":{"traceId":"db7e4c4c-7566-4c0a-b719-cff1a87ac0b9","id":"dc0d3c1a-0b0e-4697-bd6a-96f9e09cd2e2","organisationId":"b6c197fa-c1d2-43ec-930f-57daf8c7aa9b","timestamp":"2023-08-28T13:14:19.391112268Z"},"body":{"action":{"carrier":{"laneAddress":"S001.M003.02.03","carrierActionType":"CARRIER_ACTION_PUT","locationType":"LOCATION_SECONDARY","carrierId":"","currentCount":1}}}}]"
[28/Aug/2023 03:14:19] "DEBUG" "organisation_event_processor" "handling a action event..."
[28/Aug/2023 03:14:21] "DEBUG" "ils_event_consumer" "KAFKA | RECEIVED | [topic=organisation_events_1091c573-df2b-44e3-8755-64c8a09cebcc] | [content={"header":{"traceId":"e0332982-d2c7-43b0-89a7-e3e6e04db738","id":"6c135f4b-bc67-484d-b19b-35dc20a0669f","organisationId":"b6c197fa-c1d2-43ec-930f-57daf8c7aa9b","timestamp":"2023-08-28T13:14:21.895923466Z"},"body":{"action":{"carrier":{"laneAddress":"S001.M001.01.02","carrierActionType":"CARRIER_ACTION_PICK","locationType":"LOCATION_SECONDARY","carrierId":"","currentCount":0}}}}]"
[28/Aug/2023 03:14:21] "DEBUG" "organisation_event_processor" "handling a action event..."
[28/Aug/2023 03:14:21] "INFO" "organisation_event_processor" "signal linked lane S001.M001.01.02 -> 266b32ef-d2e6-4b6a-979d-ab161cd5b83a"
[28/Aug/2023 03:14:23] "DEBUG" "organisation_event_processor" "Exception when calling ILS API: a bytes-like object is required, not 'str'"
[28/Aug/2023 03:14:24] "ERROR" "organisation_event_processor" "Exception when calling ILS API: (500)
Reason: Internal Server Error
HTTP response headers: HTTPHeaderDict({'Cache-Control': 'no-cache, no-store, max-age=0, must-revalidate', 'Content-Type': 'application/json', 'Date': 'Mon, 28 Aug 2023 13:14:24 GMT', 'Expires': '0', 'Pragma': 'no-cache', 'Strict-Transport-Security': 'max-age=31536000 ; includeSubDomains', 'X-Content-Type-Options': 'nosniff', 'X-Frame-Options': 'DENY', 'X-Xss-Protection': '1; mode=block', 'Transfer-Encoding': 'chunked'})
HTTP response body: b'{"timestamp":"2023-08-28T13:14:24.487860252Z","status":500,"message":"Unknown error!"}'
"
[28/Aug/2023 03:14:25] "ERROR" "organisation_event_processor" "Exception when calling ILS API: (404)
Reason: Not Found
HTTP response headers: HTTPHeaderDict({'Cache-Control': 'no-cache, no-store, max-age=0, must-revalidate', 'Content-Type': 'application/json', 'Date': 'Mon, 28 Aug 2023 13:14:25 GMT', 'Expires': '0', 'Pragma': 'no-cache', 'Strict-Transport-Security': 'max-age=31536000 ; includeSubDomains', 'Vary': 'Origin, Access-Control-Request-Method, Access-Control-Request-Headers', 'X-Content-Type-Options': 'nosniff', 'X-Frame-Options': 'DENY', 'X-Xss-Protection': '1; mode=block', 'Transfer-Encoding': 'chunked'})
HTTP response body: b'{"timestamp":"2023-08-28T13:14:25.923+00:00","status":404,"error":"Not Found","path":"/v1beta1/kanban/control-cycles/41ffe350-3606-46e6-bc64-0655e6ae959a/cards:associate-carrier/"}'
"
[28/Aug/2023 03:15:25] "DEBUG" "ils_event_consumer" "KAFKA | RECEIVED | [topic=organisation_events_1091c573-df2b-44e3-8755-64c8a09cebcc] | [content={"header":{"traceId":"db4df645-6e58-4e19-bf80-44b8a17e3bfb","id":"4a210b92-6500-4b50-bf4e-00f4064e9a87","organisationId":"b6c197fa-c1d2-43ec-930f-57daf8c7aa9b","timestamp":"2023-08-28T13:15:25.747278423Z"},"body":{"action":{"carrier":{"laneAddress":"S001.M004.03.01","carrierActionType":"CARRIER_ACTION_PUT","locationType":"LOCATION_PRIMARY","carrierId":"","currentCount":5}}}}]"
[28/Aug/2023 03:15:25] "DEBUG" "organisation_event_processor" "handling a action event..."
[28/Aug/2023 03:15:29] "DEBUG" "ils_event_consumer" "KAFKA | RECEIVED | [topic=organisation_events_1091c573-df2b-44e3-8755-64c8a09cebcc] | [content={"header":{"traceId":"3a33f0e4-4015-4a43-8042-764452ac748f","id":"83495b41-e7da-4923-97f8-1b47a0de33d0","organisationId":"b6c197fa-c1d2-43ec-930f-57daf8c7aa9b","timestamp":"2023-08-28T13:15:29.416157922Z"},"body":{"action":{"carrier":{"laneAddress":"S001.M004.03.01","carrierActionType":"CARRIER_ACTION_PICK","locationType":"LOCATION_PRIMARY","carrierId":"","currentCount":4}}}}]"
[28/Aug/2023 03:15:29] "DEBUG" "organisation_event_processor" "handling a action event..."
[28/Aug/2023 03:15:29] "INFO" "organisation_event_processor" "signal linked lane S001.M004.03.01 -> 04e45f88-44aa-41b1-b5d9-8183bf3fa935"
[28/Aug/2023 03:15:30] "DEBUG" "organisation_event_processor" "Exception when calling ILS API: a bytes-like object is required, not 'str'"
[28/Aug/2023 03:15:31] "ERROR" "organisation_event_processor" "Exception when calling ILS API: (500)
Reason: Internal Server Error
HTTP response headers: HTTPHeaderDict({'Cache-Control': 'no-cache, no-store, max-age=0, must-revalidate', 'Content-Type': 'application/json', 'Date': 'Mon, 28 Aug 2023 13:15:31 GMT', 'Expires': '0', 'Pragma': 'no-cache', 'Strict-Transport-Security': 'max-age=31536000 ; includeSubDomains', 'X-Content-Type-Options': 'nosniff', 'X-Frame-Options': 'DENY', 'X-Xss-Protection': '1; mode=block', 'Transfer-Encoding': 'chunked'})
HTTP response body: b'{"timestamp":"2023-08-28T13:15:31.837909729Z","status":500,"message":"Unknown error!"}'
"
[28/Aug/2023 03:15:32] "ERROR" "organisation_event_processor" "Exception when calling ILS API: (404)
Reason: Not Found
HTTP response headers: HTTPHeaderDict({'Cache-Control': 'no-cache, no-store, max-age=0, must-revalidate', 'Content-Type': 'application/json', 'Date': 'Mon, 28 Aug 2023 13:15:33 GMT', 'Expires': '0', 'Pragma': 'no-cache', 'Strict-Transport-Security': 'max-age=31536000 ; includeSubDomains', 'Vary': 'Origin, Access-Control-Request-Method, Access-Control-Request-Headers', 'X-Content-Type-Options': 'nosniff', 'X-Frame-Options': 'DENY', 'X-Xss-Protection': '1; mode=block', 'Transfer-Encoding': 'chunked'})
HTTP response body: b'{"timestamp":"2023-08-28T13:15:33.000+00:00","status":404,"error":"Not Found","path":"/v1beta1/kanban/control-cycles/1c83b022-c500-4b81-bef5-9b33b36127bb/cards:associate-carrier/"}'
"
[28/Aug/2023 03:15:33] "DEBUG" "organisation_event_processor" "Exception when calling ILS API: a bytes-like object is required, not 'str'"
[28/Aug/2023 03:15:35] "DEBUG" "organisation_event_processor" "Exception when calling ILS API: a bytes-like object is required, not 'str'"
[28/Aug/2023 03:15:40] "DEBUG" "ils_event_consumer" "KAFKA | RECEIVED | [topic=organisation_events_1091c573-df2b-44e3-8755-64c8a09cebcc] | [content={"header":{"traceId":"15f8a210-4b37-44b7-a746-53e3a1f45530","id":"a175e012-bc14-4f30-bb33-19c6d4a335b9","organisationId":"b6c197fa-c1d2-43ec-930f-57daf8c7aa9b","timestamp":"2023-08-28T13:15:40.649646237Z"},"body":{"action":{"carrier":{"laneAddress":"S001.M001.01.02","carrierActionType":"CARRIER_ACTION_PUT","locationType":"LOCATION_SECONDARY","carrierId":"","currentCount":1}}}}]"
[28/Aug/2023 03:15:40] "DEBUG" "organisation_event_processor" "handling a action event..."
[28/Aug/2023 03:16:13] "INFO" "ils_event_consumer" "Shutting down signal 'SIGINT' received, starting to stop consumer!"
[28/Aug/2023 03:16:13] "INFO" "ils_event_consumer" "Ordering consumer to stop!"
[28/Aug/2023 03:16:13] "DEBUG" "ils_event_consumer" "Warning Event Processors to stop!"
[28/Aug/2023 03:16:13] "DEBUG" "ils_event_consumer" "Closing consumer!"
[28/Aug/2023 03:16:13] "INFO" "events_processor" "OrganisationEventProcessor received order to stop!"
[28/Aug/2023 03:16:13] "INFO" "events_processor" "All messages in OrganisationEventProcessor processing queue have been processed. Shutting down..."
[28/Aug/2023 03:16:14] "DEBUG" "ils_event_consumer" "Consumer has been shutdown!"
[28/Aug/2023 03:16:14] "DEBUG" "main" "Ending process: 'OrganisationEventProcessor-1'"
[28/Aug/2023 03:16:14] "INFO" "main" "Process OrganisationEventProcessor-1 as fully stopped!"
