[28/Aug/2023 03:07:04] "INFO" "main" "Starting application..."
[28/Aug/2023 03:07:05] "INFO" "main" "ils-api access: True"
[28/Aug/2023 03:07:05] "DEBUG" "main" "Starting process: 'OrganisationEventProcessor-1'"
[28/Aug/2023 03:07:06] "INFO" "ils_event_consumer" "Starting consumer..."
[28/Aug/2023 03:07:06] "INFO" "events_processor" "OrganisationEventProcessor Running!"
[28/Aug/2023 03:07:07] "DEBUG" "ils_event_consumer" "KAFKA | RECEIVED | [topic=organisation_events_1091c573-df2b-44e3-8755-64c8a09cebcc] | [content={"header":{"traceId":"ce19cec1-bca7-41fc-84ba-5c25df6c07bb","id":"1eca2bea-828f-46bb-b71d-67ac8ca98d8b","organisationId":"b6c197fa-c1d2-43ec-930f-57daf8c7aa9b","timestamp":"2023-08-28T13:01:06.367653741Z"},"body":{"action":{"carrier":{"laneAddress":"S001.M004.01.02","carrierActionType":"CARRIER_ACTION_PICK","locationType":"LOCATION_PRIMARY","carrierId":"d36afc85-fbbe-886e-3264-1c08784eb837","currentCount":1}}}}]"
[28/Aug/2023 03:07:07] "DEBUG" "ils_event_consumer" "KAFKA | RECEIVED | [topic=organisation_events_1091c573-df2b-44e3-8755-64c8a09cebcc] | [content={"header":{"traceId":"78c497bb-1bc9-44c9-83ad-e42c9d223aa8","id":"7180b6f6-1aed-4d0d-82c2-e1d87285837a","organisationId":"b6c197fa-c1d2-43ec-930f-57daf8c7aa9b","timestamp":"2023-08-28T13:01:15.776989966Z"},"body":{"action":{"carrier":{"laneAddress":"S001.M003.02.03","carrierActionType":"CARRIER_ACTION_PUT","locationType":"LOCATION_SECONDARY","carrierId":"","currentCount":1}}}}]"
[28/Aug/2023 03:07:07] "DEBUG" "organisation_event_processor" "handling a action event..."
[28/Aug/2023 03:07:07] "INFO" "organisation_event_processor" "signal linked lane S001.M004.01.02 -> c63c5b2c-b368-4f15-92ff-812733582ba8"
[28/Aug/2023 03:07:09] "DEBUG" "organisation_event_processor" "Exception when calling ILS API: a bytes-like object is required, not 'str'"
[28/Aug/2023 03:07:10] "DEBUG" "organisation_event_processor" "Exception when calling ILS API: a bytes-like object is required, not 'str'"
[28/Aug/2023 03:07:11] "INFO" "organisation_event_processor" "{'carrier_id': None, 'id': 'ed251405-2dfe-4a78-b379-293ef8078342'}"
[28/Aug/2023 03:07:13] "DEBUG" "organisation_event_processor" "Exception when calling ILS API: a bytes-like object is required, not 'str'"
[28/Aug/2023 03:07:15] "DEBUG" "organisation_event_processor" "Exception when calling ILS API: a bytes-like object is required, not 'str'"
[28/Aug/2023 03:07:15] "DEBUG" "organisation_event_processor" "handling a action event..."
[28/Aug/2023 03:10:57] "INFO" "ils_event_consumer" "Shutting down signal 'SIGINT' received, starting to stop consumer!"
[28/Aug/2023 03:10:57] "INFO" "ils_event_consumer" "Ordering consumer to stop!"
[28/Aug/2023 03:10:57] "DEBUG" "ils_event_consumer" "Warning Event Processors to stop!"
[28/Aug/2023 03:10:57] "DEBUG" "ils_event_consumer" "Closing consumer!"
[28/Aug/2023 03:10:57] "INFO" "events_processor" "OrganisationEventProcessor received order to stop!"
[28/Aug/2023 03:10:57] "INFO" "events_processor" "All messages in OrganisationEventProcessor processing queue have been processed. Shutting down..."
[28/Aug/2023 03:10:57] "DEBUG" "ils_event_consumer" "Consumer has been shutdown!"
[28/Aug/2023 03:10:57] "DEBUG" "main" "Ending process: 'OrganisationEventProcessor-1'"
[28/Aug/2023 03:10:57] "INFO" "main" "Process OrganisationEventProcessor-1 as fully stopped!"
[28/Aug/2023 03:10:57] "INFO" "main" "Process OrganisationEventProcessor-1 as fully stopped!"