[27/Oct/2023 03:58:35] "INFO" "main" "Starting application..."
[27/Oct/2023 03:58:35] "INFO" "main" "ils-api access: True"
[27/Oct/2023 03:58:35] "DEBUG" "main" "Starting process: 'OrganisationEventProcessor-1'"
[27/Oct/2023 03:58:35] "INFO" "ils_event_consumer" "Starting consumer..."
[27/Oct/2023 03:58:36] "INFO" "events_processor" "OrganisationEventProcessor Running!"
[27/Oct/2023 04:12:44] "DEBUG" "ils_event_consumer" "KAFKA | RECEIVED | [topic=organisation_events_1091c573-df2b-44e3-8755-64c8a09cebcc] | [content={"header":{"traceId":"59ce28cf-3ff1-4a5a-8693-5da4731b0e5e","id":"b4a8691c-4df5-44fe-806b-6220e128f735","organisationId":"b6c197fa-c1d2-43ec-930f-57daf8c7aa9b","timestamp":"2023-10-27T14:12:44.974957327Z"},"body":{"action":{"carrier":{"laneAddress":"S001.M004.03.02","carrierActionType":"CARRIER_ACTION_PICK","locationType":"LOCATION_PRIMARY","carrierId":"3a600820-a400-d766-d514-2f3c961cf632","currentCount":4}}}}]"
[27/Oct/2023 04:12:44] "DEBUG" "organisation_event_processor" "handling a action event..."
[27/Oct/2023 04:12:44] "INFO" "organisation_event_processor" "signal linked lane S001.M004.03.02 -> 72638c2d-39fe-426f-aa6c-ba155236f1d0"
[27/Oct/2023 04:12:44] "DEBUG" "organisation_event_processor" "Exception when calling ILS API: a bytes-like object is required, not 'str'"
[27/Oct/2023 04:12:44] "DEBUG" "organisation_event_processor" "Exception when calling ILS API: a bytes-like object is required, not 'str'"
[27/Oct/2023 04:12:44] "INFO" "organisation_event_processor" "{'carrier_id': None, 'id': 'b9b6f1aa-6073-4c2c-9114-2f230b7044ce'}"
[27/Oct/2023 04:12:44] "DEBUG" "organisation_event_processor" "Exception when calling ILS API: a bytes-like object is required, not 'str'"
[27/Oct/2023 04:12:45] "DEBUG" "organisation_event_processor" "Exception when calling ILS API: a bytes-like object is required, not 'str'"
[27/Oct/2023 04:12:51] "DEBUG" "ils_event_consumer" "KAFKA | RECEIVED | [topic=organisation_events_1091c573-df2b-44e3-8755-64c8a09cebcc] | [content={"header":{"traceId":"3e9a1f0e-0be0-41c9-82c0-2819c67b3ab8","id":"e6233b88-89aa-446a-a020-ec542cc182b0","organisationId":"b6c197fa-c1d2-43ec-930f-57daf8c7aa9b","timestamp":"2023-10-27T14:12:51.679340956Z"},"body":{"action":{"carrier":{"laneAddress":"S001.M004.03.02","carrierActionType":"CARRIER_ACTION_PUT","locationType":"LOCATION_PRIMARY","carrierId":"","currentCount":5}}}}]"
[27/Oct/2023 04:12:51] "DEBUG" "organisation_event_processor" "handling a action event..."
[27/Oct/2023 04:18:15] "INFO" "ils_event_consumer" "Shutting down signal 'SIGINT' received, starting to stop consumer!"
[27/Oct/2023 04:18:15] "INFO" "ils_event_consumer" "Ordering consumer to stop!"
[27/Oct/2023 04:18:15] "DEBUG" "ils_event_consumer" "Warning Event Processors to stop!"
[27/Oct/2023 04:18:15] "DEBUG" "ils_event_consumer" "Closing consumer!"
[27/Oct/2023 04:18:15] "INFO" "events_processor" "OrganisationEventProcessor received order to stop!"
[27/Oct/2023 04:18:15] "INFO" "events_processor" "All messages in OrganisationEventProcessor processing queue have been processed. Shutting down..."
[27/Oct/2023 04:18:15] "DEBUG" "ils_event_consumer" "Consumer has been shutdown!"
[27/Oct/2023 04:18:15] "DEBUG" "main" "Ending process: 'OrganisationEventProcessor-1'"
[27/Oct/2023 04:18:15] "INFO" "main" "Process OrganisationEventProcessor-1 as fully stopped!"
