[30/Oct/2023 12:20:36] "INFO" "main" "Starting application..."
[30/Oct/2023 12:20:37] "INFO" "main" "ils-api access: True"
[30/Oct/2023 12:20:37] "DEBUG" "main" "Starting process: 'OrganisationEventProcessor-1'"
[30/Oct/2023 12:20:37] "INFO" "ils_event_consumer" "Starting consumer..."
[30/Oct/2023 12:20:37] "DEBUG" "ils_event_consumer" "KAFKA | RECEIVED | [topic=organisation_events_1091c573-df2b-44e3-8755-64c8a09cebcc] | [content={"header":{"traceId":"3d1158c5-86c8-4ede-81e9-19f4297c6c25","id":"22e9c701-eafc-4ae3-a0cc-947d9a7997b0","organisationId":"b6c197fa-c1d2-43ec-930f-57daf8c7aa9b","timestamp":"2023-10-30T10:32:18.124621510Z"},"body":{"action":{"carrier":{"laneAddress":"S001.M001.01.01","carrierActionType":"CARRIER_ACTION_PICK","locationType":"LOCATION_SECONDARY","carrierId":"f887c13c-c143-acf0-4980-7cfe8b6500a9","currentCount":1}}}}]"
[30/Oct/2023 12:20:38] "INFO" "events_processor" "OrganisationEventProcessor Running!"
[30/Oct/2023 12:20:38] "DEBUG" "organisation_event_processor" "handling a action event..."
[30/Oct/2023 12:20:38] "INFO" "organisation_event_processor" "signal linked lane S001.M001.01.01 -> 266b32ef-d2e6-4b6a-979d-ab161cd5b83a"
[30/Oct/2023 12:20:38] "DEBUG" "organisation_event_processor" "Exception when calling ILS API: a bytes-like object is required, not 'str'"
[30/Oct/2023 12:20:38] "ERROR" "organisation_event_processor" "Exception when calling ILS API: (404)
Reason: Not Found
HTTP response headers: HTTPHeaderDict({'Cache-Control': 'no-cache, no-store, max-age=0, must-revalidate', 'Content-Type': 'application/json', 'Date': 'Mon, 30 Oct 2023 11:20:38 GMT', 'Expires': '0', 'Pragma': 'no-cache', 'Strict-Transport-Security': 'max-age=31536000 ; includeSubDomains', 'X-Content-Type-Options': 'nosniff', 'X-Frame-Options': 'DENY', 'X-Xss-Protection': '1; mode=block', 'Transfer-Encoding': 'chunked'})
HTTP response body: b'{"timestamp":"2023-10-30T11:20:38.232724588Z","status":404,"message":"Not found a card assigned to this carrier!"}'
"
[30/Oct/2023 12:20:38] "ERROR" "organisation_event_processor" "Exception when calling ILS API: (409)
Reason: Conflict
HTTP response headers: HTTPHeaderDict({'Cache-Control': 'no-cache, no-store, max-age=0, must-revalidate', 'Content-Type': 'application/json', 'Date': 'Mon, 30 Oct 2023 11:20:38 GMT', 'Expires': '0', 'Pragma': 'no-cache', 'Strict-Transport-Security': 'max-age=31536000 ; includeSubDomains', 'X-Content-Type-Options': 'nosniff', 'X-Frame-Options': 'DENY', 'X-Xss-Protection': '1; mode=block', 'Transfer-Encoding': 'chunked'})
HTTP response body: b'{"timestamp":"2023-10-30T11:20:38.337243165Z","status":409,"message":"Conflict, \'Should select CreateCardIfNoneFree!\'"}'
"
[30/Oct/2023 12:20:45] "INFO" "ils_event_consumer" "Shutting down signal 'SIGINT' received, starting to stop consumer!"
[30/Oct/2023 12:20:45] "INFO" "ils_event_consumer" "Ordering consumer to stop!"
[30/Oct/2023 12:20:45] "DEBUG" "ils_event_consumer" "Warning Event Processors to stop!"
[30/Oct/2023 12:20:45] "DEBUG" "ils_event_consumer" "Closing consumer!"
[30/Oct/2023 12:20:45] "INFO" "events_processor" "OrganisationEventProcessor received order to stop!"
[30/Oct/2023 12:20:45] "INFO" "events_processor" "All messages in OrganisationEventProcessor processing queue have been processed. Shutting down..."
[30/Oct/2023 12:20:45] "DEBUG" "ils_event_consumer" "Consumer has been shutdown!"
[30/Oct/2023 12:20:45] "DEBUG" "main" "Ending process: 'OrganisationEventProcessor-1'"
[30/Oct/2023 12:20:45] "INFO" "main" "Process OrganisationEventProcessor-1 as fully stopped!"
[30/Oct/2023 12:20:50] "INFO" "main" "Starting application..."
[30/Oct/2023 12:20:50] "INFO" "main" "ils-api access: True"
[30/Oct/2023 12:20:50] "DEBUG" "main" "Starting process: 'OrganisationEventProcessor-1'"
[30/Oct/2023 12:20:50] "INFO" "ils_event_consumer" "Starting consumer..."
[30/Oct/2023 12:20:51] "INFO" "events_processor" "OrganisationEventProcessor Running!"
[30/Oct/2023 12:21:33] "INFO" "ils_event_consumer" "Shutting down signal 'SIGINT' received, starting to stop consumer!"
[30/Oct/2023 12:21:33] "INFO" "ils_event_consumer" "Ordering consumer to stop!"
[30/Oct/2023 12:21:33] "DEBUG" "ils_event_consumer" "Warning Event Processors to stop!"
[30/Oct/2023 12:21:33] "DEBUG" "ils_event_consumer" "Closing consumer!"
[30/Oct/2023 12:21:33] "INFO" "events_processor" "OrganisationEventProcessor received order to stop!"
[30/Oct/2023 12:21:33] "INFO" "events_processor" "All messages in OrganisationEventProcessor processing queue have been processed. Shutting down..."
[30/Oct/2023 12:21:33] "DEBUG" "ils_event_consumer" "Consumer has been shutdown!"
[30/Oct/2023 12:21:33] "DEBUG" "main" "Ending process: 'OrganisationEventProcessor-1'"
[30/Oct/2023 12:21:33] "INFO" "main" "Process OrganisationEventProcessor-1 as fully stopped!"
