[27/Oct/2023 04:18:26] "INFO" "main" "Starting application..."
[27/Oct/2023 04:18:26] "INFO" "main" "ils-api access: True"
[27/Oct/2023 04:18:26] "DEBUG" "main" "Starting process: 'OrganisationEventProcessor-1'"
[27/Oct/2023 04:18:26] "INFO" "ils_event_consumer" "Starting consumer..."
[27/Oct/2023 04:18:27] "INFO" "events_processor" "OrganisationEventProcessor Running!"
[27/Oct/2023 05:02:29] "DEBUG" "ils_event_consumer" "KAFKA | RECEIVED | [topic=organisation_events_1091c573-df2b-44e3-8755-64c8a09cebcc] | [content={"header":{"traceId":"30a07ba3-740a-4353-b5c1-6461c30c4302","id":"09b63102-10d2-4eb4-9302-41d7c36259c2","organisationId":"b6c197fa-c1d2-43ec-930f-57daf8c7aa9b","timestamp":"2023-10-27T15:02:29.705017779Z"},"body":{"action":{"carrier":{"laneAddress":"S001.M004.04.02","carrierActionType":"CARRIER_ACTION_PICK","locationType":"LOCATION_SECONDARY","carrierId":"7df2b160-10a3-e7a2-e1b7-0215f151118c","currentCount":2}}}}]"
[27/Oct/2023 05:02:29] "DEBUG" "organisation_event_processor" "handling a action event..."
[27/Oct/2023 05:02:29] "INFO" "organisation_event_processor" "signal linked lane S001.M004.04.02 -> 266b32ef-d2e6-4b6a-979d-ab161cd5b83a"
[27/Oct/2023 05:02:29] "DEBUG" "organisation_event_processor" "Exception when calling ILS API: a bytes-like object is required, not 'str'"
[27/Oct/2023 05:02:29] "DEBUG" "organisation_event_processor" "Exception when calling ILS API: a bytes-like object is required, not 'str'"
[27/Oct/2023 05:02:29] "INFO" "organisation_event_processor" "{'carrier_id': None, 'id': '0d6ad43a-94f5-444b-8a0e-d30bc0cb5f1b'}"
[27/Oct/2023 05:02:29] "DEBUG" "organisation_event_processor" "Exception when calling ILS API: a bytes-like object is required, not 'str'"
[27/Oct/2023 05:02:29] "DEBUG" "organisation_event_processor" "Exception when calling ILS API: a bytes-like object is required, not 'str'"
[27/Oct/2023 05:03:21] "DEBUG" "ils_event_consumer" "KAFKA | RECEIVED | [topic=organisation_events_1091c573-df2b-44e3-8755-64c8a09cebcc] | [content={"header":{"traceId":"11bfee0c-714a-403a-a75b-15984c328037","id":"067888a3-d934-4390-9149-ab836015d563","organisationId":"b6c197fa-c1d2-43ec-930f-57daf8c7aa9b","timestamp":"2023-10-27T15:03:22.212342628Z"},"body":{"action":{"carrier":{"laneAddress":"S001.M004.04.02","carrierActionType":"CARRIER_ACTION_PUT","locationType":"LOCATION_PRIMARY","carrierId":"","currentCount":3}}}}]"
[27/Oct/2023 05:03:21] "DEBUG" "organisation_event_processor" "handling a action event..."
[27/Oct/2023 05:08:15] "DEBUG" "ils_event_consumer" "KAFKA | RECEIVED | [topic=organisation_events_1091c573-df2b-44e3-8755-64c8a09cebcc] | [content={"header":{"traceId":"2621bac6-8969-4bd2-b36e-bc06b28a7856","id":"40d4faca-7a5d-4fd0-8026-81c202b027f3","organisationId":"b6c197fa-c1d2-43ec-930f-57daf8c7aa9b","timestamp":"2023-10-27T15:08:15.520288474Z"},"body":{"action":{"carrier":{"laneAddress":"S001.M006.02.05","carrierActionType":"CARRIER_ACTION_PICK","locationType":"LOCATION_SECONDARY","carrierId":"","currentCount":5}}}}]"
[27/Oct/2023 05:08:15] "DEBUG" "organisation_event_processor" "handling a action event..."
[27/Oct/2023 05:08:15] "INFO" "organisation_event_processor" "signal linked lane S001.M006.02.05 -> 8d20ae37-d762-4d4a-935a-2d07fec2af7e"
[27/Oct/2023 05:08:15] "DEBUG" "organisation_event_processor" "Exception when calling ILS API: a bytes-like object is required, not 'str'"
[27/Oct/2023 05:08:15] "ERROR" "organisation_event_processor" "Exception when calling ILS API: (500)
Reason: Internal Server Error
HTTP response headers: HTTPHeaderDict({'Cache-Control': 'no-cache, no-store, max-age=0, must-revalidate', 'Content-Type': 'application/json', 'Date': 'Fri, 27 Oct 2023 15:08:15 GMT', 'Expires': '0', 'Pragma': 'no-cache', 'Strict-Transport-Security': 'max-age=31536000 ; includeSubDomains', 'X-Content-Type-Options': 'nosniff', 'X-Frame-Options': 'DENY', 'X-Xss-Protection': '1; mode=block', 'Transfer-Encoding': 'chunked'})
HTTP response body: b'{"timestamp":"2023-10-27T15:08:15.776529314Z","status":500,"message":"Unknown error!"}'
"
[27/Oct/2023 05:08:15] "ERROR" "organisation_event_processor" "Exception when calling ILS API: (404)
Reason: Not Found
HTTP response headers: HTTPHeaderDict({'Cache-Control': 'no-cache, no-store, max-age=0, must-revalidate', 'Content-Type': 'application/json', 'Date': 'Fri, 27 Oct 2023 15:08:15 GMT', 'Expires': '0', 'Pragma': 'no-cache', 'Strict-Transport-Security': 'max-age=31536000 ; includeSubDomains', 'Vary': 'Origin, Access-Control-Request-Method, Access-Control-Request-Headers', 'X-Content-Type-Options': 'nosniff', 'X-Frame-Options': 'DENY', 'X-Xss-Protection': '1; mode=block', 'Transfer-Encoding': 'chunked'})
HTTP response body: b'{"timestamp":"2023-10-27T15:08:15.890+00:00","status":404,"error":"Not Found","path":"/v1beta1/kanban/control-cycles/41ffe350-3606-46e6-bc64-0655e6ae959a/cards:associate-carrier/"}'
"
[27/Oct/2023 05:08:59] "DEBUG" "ils_event_consumer" "KAFKA | RECEIVED | [topic=organisation_events_1091c573-df2b-44e3-8755-64c8a09cebcc] | [content={"header":{"traceId":"475fdd26-b968-49fa-b87a-d3bf3aeef433","id":"44b81dc3-416d-4391-90be-cec6faadfb6e","organisationId":"b6c197fa-c1d2-43ec-930f-57daf8c7aa9b","timestamp":"2023-10-27T15:09:00.258435715Z"},"body":{"action":{"carrier":{"laneAddress":"S001.M006.02.05","carrierActionType":"CARRIER_ACTION_PICK","locationType":"LOCATION_SECONDARY","carrierId":"","currentCount":4}}}}]"
[27/Oct/2023 05:08:59] "DEBUG" "organisation_event_processor" "handling a action event..."
[27/Oct/2023 05:08:59] "INFO" "organisation_event_processor" "signal linked lane S001.M006.02.05 -> 8d20ae37-d762-4d4a-935a-2d07fec2af7e"
[27/Oct/2023 05:08:59] "DEBUG" "organisation_event_processor" "Exception when calling ILS API: a bytes-like object is required, not 'str'"
[27/Oct/2023 05:08:59] "ERROR" "organisation_event_processor" "Exception when calling ILS API: (500)
Reason: Internal Server Error
HTTP response headers: HTTPHeaderDict({'Cache-Control': 'no-cache, no-store, max-age=0, must-revalidate', 'Content-Type': 'application/json', 'Date': 'Fri, 27 Oct 2023 15:09:00 GMT', 'Expires': '0', 'Pragma': 'no-cache', 'Strict-Transport-Security': 'max-age=31536000 ; includeSubDomains', 'X-Content-Type-Options': 'nosniff', 'X-Frame-Options': 'DENY', 'X-Xss-Protection': '1; mode=block', 'Transfer-Encoding': 'chunked'})
HTTP response body: b'{"timestamp":"2023-10-27T15:09:00.529261724Z","status":500,"message":"Unknown error!"}'
"
[27/Oct/2023 05:09:00] "ERROR" "organisation_event_processor" "Exception when calling ILS API: (404)
Reason: Not Found
HTTP response headers: HTTPHeaderDict({'Cache-Control': 'no-cache, no-store, max-age=0, must-revalidate', 'Content-Type': 'application/json', 'Date': 'Fri, 27 Oct 2023 15:09:00 GMT', 'Expires': '0', 'Pragma': 'no-cache', 'Strict-Transport-Security': 'max-age=31536000 ; includeSubDomains', 'Vary': 'Origin, Access-Control-Request-Method, Access-Control-Request-Headers', 'X-Content-Type-Options': 'nosniff', 'X-Frame-Options': 'DENY', 'X-Xss-Protection': '1; mode=block', 'Transfer-Encoding': 'chunked'})
HTTP response body: b'{"timestamp":"2023-10-27T15:09:00.636+00:00","status":404,"error":"Not Found","path":"/v1beta1/kanban/control-cycles/41ffe350-3606-46e6-bc64-0655e6ae959a/cards:associate-carrier/"}'
"
[27/Oct/2023 05:09:22] "DEBUG" "ils_event_consumer" "KAFKA | RECEIVED | [topic=organisation_events_1091c573-df2b-44e3-8755-64c8a09cebcc] | [content={"header":{"traceId":"be1af365-2a52-42c5-9239-696339f70de2","id":"14108d15-891b-41de-bf4e-eb68a7a15847","organisationId":"b6c197fa-c1d2-43ec-930f-57daf8c7aa9b","timestamp":"2023-10-27T15:09:22.662203228Z"},"body":{"action":{"carrier":{"laneAddress":"S001.M006.02.05","carrierActionType":"CARRIER_ACTION_PUT","locationType":"LOCATION_PRIMARY","carrierId":"","currentCount":5}}}}]"
[27/Oct/2023 05:09:22] "DEBUG" "organisation_event_processor" "handling a action event..."
[27/Oct/2023 05:09:44] "DEBUG" "ils_event_consumer" "KAFKA | RECEIVED | [topic=organisation_events_1091c573-df2b-44e3-8755-64c8a09cebcc] | [content={"header":{"traceId":"23d4b82a-0496-40a9-ad84-18ee2ec35157","id":"b58b2b55-62c9-4188-a7a7-6c0874e29564","organisationId":"b6c197fa-c1d2-43ec-930f-57daf8c7aa9b","timestamp":"2023-10-27T15:09:44.837365621Z"},"body":{"action":{"carrier":{"laneAddress":"S001.M006.02.05","carrierActionType":"CARRIER_ACTION_PUT","locationType":"LOCATION_PRIMARY","carrierId":"","currentCount":6}}}}]"
[27/Oct/2023 05:09:44] "DEBUG" "organisation_event_processor" "handling a action event..."
[27/Oct/2023 05:11:13] "INFO" "ils_event_consumer" "Shutting down signal 'SIGINT' received, starting to stop consumer!"
[27/Oct/2023 05:11:13] "INFO" "ils_event_consumer" "Ordering consumer to stop!"
[27/Oct/2023 05:11:13] "DEBUG" "ils_event_consumer" "Warning Event Processors to stop!"
[27/Oct/2023 05:11:13] "DEBUG" "ils_event_consumer" "Closing consumer!"
[27/Oct/2023 05:11:13] "INFO" "events_processor" "OrganisationEventProcessor received order to stop!"
[27/Oct/2023 05:11:13] "INFO" "events_processor" "All messages in OrganisationEventProcessor processing queue have been processed. Shutting down..."
[27/Oct/2023 05:11:13] "DEBUG" "ils_event_consumer" "Consumer has been shutdown!"
[27/Oct/2023 05:11:13] "DEBUG" "main" "Ending process: 'OrganisationEventProcessor-1'"
[27/Oct/2023 05:11:13] "INFO" "main" "Process OrganisationEventProcessor-1 as fully stopped!"
